\BOOKMARK [0][-]{chapter*.2}{Resumen}{}% 1
\BOOKMARK [0][-]{chapter*.3}{Prefacio}{}% 2
\BOOKMARK [0][-]{chapter*.5}{\315ndice de figuras}{}% 3
\BOOKMARK [0][-]{chapter.1}{Introducci\363n}{}% 4
\BOOKMARK [1][-]{section.1.1}{Motivaci\363n}{chapter.1}% 5
\BOOKMARK [1][-]{section.1.2}{Estado del arte}{chapter.1}% 6
\BOOKMARK [2][-]{subsection.1.2.1}{Conceptos en realidad aumentada}{section.1.2}% 7
\BOOKMARK [2][-]{subsection.1.2.2}{Puntos caracter\355sticos y descriptores}{section.1.2}% 8
\BOOKMARK [2][-]{subsection.1.2.3}{Detecci\363n y correspondencia de puntos de inter\351s}{section.1.2}% 9
\BOOKMARK [2][-]{subsection.1.2.4}{B\372squeda de correspondencias}{section.1.2}% 10
\BOOKMARK [2][-]{subsection.1.2.5}{Transformaci\363n proyectiva}{section.1.2}% 11
\BOOKMARK [1][-]{section.1.3}{Objetivos del Proyecto Final}{chapter.1}% 12
\BOOKMARK [2][-]{subsection.1.3.1}{Objetivos generales}{section.1.3}% 13
\BOOKMARK [2][-]{subsection.1.3.2}{Objetivos espec\355ficos}{section.1.3}% 14
\BOOKMARK [1][-]{section.1.4}{Alcances del Proyecto Final}{chapter.1}% 15
\BOOKMARK [0][-]{chapter.2}{Fundamentos te\363ricos}{}% 16
\BOOKMARK [1][-]{section.2.1}{Operaciones morfol\363gicas en im\341genes}{chapter.2}% 17
\BOOKMARK [2][-]{subsection.2.1.1}{Dilataci\363n}{section.2.1}% 18
\BOOKMARK [2][-]{subsection.2.1.2}{Erosi\363n}{section.2.1}% 19
\BOOKMARK [1][-]{section.2.2}{Realce de im\341genes en el dominio espacial}{chapter.2}% 20
\BOOKMARK [2][-]{subsection.2.2.1}{Umbral}{section.2.2}% 21
\BOOKMARK [2][-]{subsection.2.2.2}{Transformaci\363n logar\355tmica}{section.2.2}% 22
\BOOKMARK [2][-]{subsection.2.2.3}{Ecualizaci\363n de histograma}{section.2.2}% 23
\BOOKMARK [2][-]{subsection.2.2.4}{Filtrado pasa altos}{section.2.2}% 24
\BOOKMARK [2][-]{subsection.2.2.5}{Filtrado de alta potencia}{section.2.2}% 25
\BOOKMARK [1][-]{section.2.3}{Detecci\363n de puntos claves}{chapter.2}% 26
\BOOKMARK [2][-]{subsection.2.3.1}{El problema de cambio de escala}{section.2.3}% 27
\BOOKMARK [2][-]{subsection.2.3.2}{Puntos claves basados en la matriz hessiana}{section.2.3}% 28
\BOOKMARK [2][-]{subsection.2.3.3}{Determinaci\363n de la localizaci\363n de puntos claves}{section.2.3}% 29
\BOOKMARK [1][-]{section.2.4}{Descripci\363n de puntos claves}{chapter.2}% 30
\BOOKMARK [2][-]{subsection.2.4.1}{Asignaci\363n de la orientaci\363n}{section.2.4}% 31
\BOOKMARK [2][-]{subsection.2.4.2}{Creaci\363n del descriptor}{section.2.4}% 32
\BOOKMARK [1][-]{section.2.5}{Correspondencia entre puntos claves}{chapter.2}% 33
\BOOKMARK [2][-]{subsection.2.5.1}{El algoritmo de \341rboles KD aleatorio}{section.2.5}% 34
\BOOKMARK [2][-]{subsection.2.5.2}{Remoci\363n de correspondencias no v\341lidas}{section.2.5}% 35
\BOOKMARK [1][-]{section.2.6}{Formaci\363n de la imagen y transformaci\363n proyectiva}{chapter.2}% 36
\BOOKMARK [2][-]{subsection.2.6.1}{Introducci\363n}{section.2.6}% 37
\BOOKMARK [2][-]{subsection.2.6.2}{El modelo de c\341mara oscura}{section.2.6}% 38
\BOOKMARK [2][-]{subsection.2.6.3}{Transformaci\363n proyectiva y estimaci\363n de la homograf\355a}{section.2.6}% 39
\BOOKMARK [0][-]{chapter.3}{M\351todo propuesto}{}% 40
\BOOKMARK [1][-]{section.3.1}{Dise\361o del m\351todo}{chapter.3}% 41
\BOOKMARK [1][-]{section.3.2}{Conversi\363n a escala de grises}{chapter.3}% 42
\BOOKMARK [1][-]{section.3.3}{Mejoras en la iluminaci\363n y realce de detalles}{chapter.3}% 43
\BOOKMARK [1][-]{section.3.4}{Detecci\363n de la regi\363n de inter\351s}{chapter.3}% 44
\BOOKMARK [2][-]{subsection.3.4.1}{\301rea del rect\341ngulo delimitador m\355nimo}{section.3.4}% 45
\BOOKMARK [1][-]{section.3.5}{Extracci\363n y descripci\363n de caracter\355sticas}{chapter.3}% 46
\BOOKMARK [1][-]{section.3.6}{Correspondencia entre puntos claves}{chapter.3}% 47
\BOOKMARK [1][-]{section.3.7}{Detecci\363n de homograf\355a}{chapter.3}% 48
\BOOKMARK [1][-]{section.3.8}{Detecci\363n de homograf\355as mal estimadas}{chapter.3}% 49
\BOOKMARK [1][-]{section.3.9}{Condici\363n de presencia previa}{chapter.3}% 50
\BOOKMARK [1][-]{section.3.10}{Realidad aumentada en el flujo de video}{chapter.3}% 51
\BOOKMARK [2][-]{subsection.3.10.1}{Transformaci\363n Perspectiva}{section.3.10}% 52
\BOOKMARK [0][-]{chapter.4}{Experimentos y Resultados}{}% 53
\BOOKMARK [1][-]{section.4.1}{Definici\363n de im\341genes}{chapter.4}% 54
\BOOKMARK [1][-]{section.4.2}{Experimentos}{chapter.4}% 55
\BOOKMARK [2][-]{subsection.4.2.1}{Experimento 1}{section.4.2}% 56
\BOOKMARK [2][-]{subsection.4.2.2}{Experimento 2}{section.4.2}% 57
\BOOKMARK [1][-]{section.4.3}{Implementaci\363n de prototipos}{chapter.4}% 58
\BOOKMARK [0][-]{chapter.5}{Conclusiones y trabajos futuros}{}% 59
\BOOKMARK [1][-]{section.5.1}{Conclusiones}{chapter.5}% 60
\BOOKMARK [1][-]{section.5.2}{Trabajos futuros}{chapter.5}% 61
\BOOKMARK [0][-]{chapter*.59}{Bibliograf\355a}{}% 62
