This is pdfTeX, Version 3.1415926-2.4-1.40.13 (TeX Live 2012/Debian) (format=latex 2013.6.17)  6 JUL 2013 12:45
entering extended mode
 restricted \write18 enabled.
 %&-line parsing enabled.
**slide.tex
(./slide.tex
LaTeX2e <2011/06/27>
Babel <v3.8m> and hyphenation patterns for english, dumylang, nohyphenation, ga
lician, catalan, spanish, loaded.
(/usr/share/texmf/tex/latex/beamer/base/beamer.cls
(/usr/share/texmf/tex/latex/beamer/base/beamerbasercs.sty
Package: beamerbasercs 2010/06/12 (rcs-revision c3821710bb40)
)
Document Class: beamer 2010/06/21 development version 3.10 A class for typesett
ing presentations (rcs-revision a6b1a8434d30)
(/usr/share/texmf/tex/latex/beamer/base/beamerbasemodes.sty
Package: beamerbasemodes 2010/05/01 (rcs-revision efa082c6111d)
\beamer@tempbox=\box26
\beamer@tempcount=\count79
\c@beamerpauses=\count80

(/usr/share/texmf/tex/latex/beamer/base/beamerbasedecode.sty
Package: beamerbasedecode 2010/05/01 (rcs-revision efa082c6111d)
\beamer@slideinframe=\count81
\beamer@minimum=\count82
)
\beamer@commentbox=\box27
\beamer@modecount=\count83
)
\headheight=\dimen102
\headdp=\dimen103
\footheight=\dimen104
\sidebarheight=\dimen105
\beamer@tempdim=\dimen106
\beamer@finalheight=\dimen107
\beamer@animht=\dimen108
\beamer@animdp=\dimen109
\beamer@animwd=\dimen110
\beamer@leftmargin=\dimen111
\beamer@rightmargin=\dimen112
\beamer@leftsidebar=\dimen113
\beamer@rightsidebar=\dimen114
\beamer@boxsize=\dimen115
\beamer@vboxoffset=\dimen116
\beamer@descdefault=\dimen117
\beamer@descriptionwidth=\dimen118
\beamer@lastskip=\skip41
\beamer@areabox=\box28
\beamer@animcurrent=\box29
\beamer@animshowbox=\box30
\beamer@sectionbox=\box31
\beamer@logobox=\box32
\beamer@linebox=\box33
\beamer@sectioncount=\count84
\beamer@subsubsectionmax=\count85
\beamer@subsectionmax=\count86
\beamer@sectionmax=\count87
\beamer@totalheads=\count88
\beamer@headcounter=\count89
\beamer@partstartpage=\count90
\beamer@sectionstartpage=\count91
\beamer@subsectionstartpage=\count92
\beamer@animationtempa=\count93
\beamer@animationtempb=\count94
\beamer@xpos=\count95
\beamer@ypos=\count96
\beamer@showpartnumber=\count97
\beamer@currentsubsection=\count98
\beamer@coveringdepth=\count99
\beamer@sectionadjust=\count100
\beamer@tocsectionnumber=\count101

(/usr/share/texmf/tex/latex/beamer/base/beamerbaseoptions.sty
Package: beamerbaseoptions 2010/04/27 (rcs-revision 982469101dd6)

(/usr/share/texlive/texmf-dist/tex/latex/graphics/keyval.sty
Package: keyval 1999/03/16 v1.13 key=value parser (DPC)
\KV@toks@=\toks14
))
\beamer@paperwidth=\skip42
\beamer@paperheight=\skip43

(/usr/share/texlive/texmf-dist/tex/latex/geometry/geometry.sty
Package: geometry 2010/09/12 v5.6 Page Geometry

(/usr/share/texlive/texmf-dist/tex/generic/oberdiek/ifpdf.sty
Package: ifpdf 2011/01/30 v2.3 Provides the ifpdf switch (HO)
Package ifpdf Info: pdfTeX in PDF mode is not detected.
)
(/usr/share/texlive/texmf-dist/tex/generic/oberdiek/ifvtex.sty
Package: ifvtex 2010/03/01 v1.5 Detect VTeX and its facilities (HO)
Package ifvtex Info: VTeX not detected.
)
(/usr/share/texlive/texmf-dist/tex/generic/ifxetex/ifxetex.sty
Package: ifxetex 2010/09/12 v0.6 Provides ifxetex conditional
)
\Gm@cnth=\count102
\Gm@cntv=\count103
\c@Gm@tempcnt=\count104
\Gm@bindingoffset=\dimen119
\Gm@wd@mp=\dimen120
\Gm@odd@mp=\dimen121
\Gm@even@mp=\dimen122
\Gm@layoutwidth=\dimen123
\Gm@layoutheight=\dimen124
\Gm@layouthoffset=\dimen125
\Gm@layoutvoffset=\dimen126
\Gm@dimlist=\toks15
)
(/usr/share/texlive/texmf-dist/tex/latex/base/size11.clo
File: size11.clo 2007/10/19 v1.4h Standard LaTeX file (size option)
)
(/usr/share/texmf/tex/latex/pgf/basiclayer/pgfcore.sty
(/usr/share/texlive/texmf-dist/tex/latex/graphics/graphicx.sty
Package: graphicx 1999/02/16 v1.0f Enhanced LaTeX Graphics (DPC,SPQR)

(/usr/share/texlive/texmf-dist/tex/latex/graphics/graphics.sty
Package: graphics 2009/02/05 v1.0o Standard LaTeX Graphics (DPC,SPQR)

(/usr/share/texlive/texmf-dist/tex/latex/graphics/trig.sty
Package: trig 1999/03/16 v1.09 sin cos tan (DPC)
)
(/usr/share/texlive/texmf-dist/tex/latex/latexconfig/graphics.cfg
File: graphics.cfg 2010/04/23 v1.9 graphics configuration of TeX Live
)
Package graphics Info: Driver file: dvips.def on input line 91.

(/usr/share/texlive/texmf-dist/tex/latex/graphics/dvips.def
File: dvips.def 1999/02/16 v3.0i Driver-dependant file (DPC,SPQR)
))
\Gin@req@height=\dimen127
\Gin@req@width=\dimen128
)
(/usr/share/texmf/tex/latex/pgf/systemlayer/pgfsys.sty
(/usr/share/texmf/tex/latex/pgf/utilities/pgfrcs.sty
(/usr/share/texmf/tex/generic/pgf/utilities/pgfutil-common.tex
\pgfutil@everybye=\toks16
)
(/usr/share/texmf/tex/generic/pgf/utilities/pgfutil-latex.def
\pgfutil@abb=\box34

(/usr/share/texlive/texmf-dist/tex/latex/ms/everyshi.sty
Package: everyshi 2001/05/15 v3.00 EveryShipout Package (MS)
))
(/usr/share/texmf/tex/generic/pgf/utilities/pgfrcs.code.tex
Package: pgfrcs 2010/10/25 v2.10 (rcs-revision 1.24)
))
(/usr/share/texmf/tex/generic/pgf/systemlayer/pgfsys.code.tex
Package: pgfsys 2010/06/30 v2.10 (rcs-revision 1.37)

(/usr/share/texmf/tex/generic/pgf/utilities/pgfkeys.code.tex
\pgfkeys@pathtoks=\toks17
\pgfkeys@temptoks=\toks18

(/usr/share/texmf/tex/generic/pgf/utilities/pgfkeysfiltered.code.tex
\pgfkeys@tmptoks=\toks19
))
\pgf@x=\dimen129
\pgf@y=\dimen130
\pgf@xa=\dimen131
\pgf@ya=\dimen132
\pgf@xb=\dimen133
\pgf@yb=\dimen134
\pgf@xc=\dimen135
\pgf@yc=\dimen136
\w@pgf@writea=\write3
\r@pgf@reada=\read1
\c@pgf@counta=\count105
\c@pgf@countb=\count106
\c@pgf@countc=\count107
\c@pgf@countd=\count108

(/usr/share/texmf/tex/generic/pgf/systemlayer/pgf.cfg
File: pgf.cfg 2008/05/14  (rcs-revision 1.7)
)
Package pgfsys Info: Driver file for pgf: pgfsys-dvips.def on input line 900.

(/usr/share/texmf/tex/generic/pgf/systemlayer/pgfsys-dvips.def
File: pgfsys-dvips.def 2008/04/03  (rcs-revision 1.20)

(/usr/share/texmf/tex/generic/pgf/systemlayer/pgfsys-common-postscript.def
File: pgfsys-common-postscript.def 2008/10/01  (rcs-revision 1.22)
\pgf@objectcount=\count109
)))
(/usr/share/texmf/tex/generic/pgf/systemlayer/pgfsyssoftpath.code.tex
File: pgfsyssoftpath.code.tex 2008/07/18  (rcs-revision 1.7)
\pgfsyssoftpath@smallbuffer@items=\count110
\pgfsyssoftpath@bigbuffer@items=\count111
)
(/usr/share/texmf/tex/generic/pgf/systemlayer/pgfsysprotocol.code.tex
File: pgfsysprotocol.code.tex 2006/10/16  (rcs-revision 1.4)
))
(/usr/share/texmf/tex/latex/xcolor/xcolor.sty
Package: xcolor 2007/01/21 v2.11 LaTeX color extensions (UK)

(/usr/share/texlive/texmf-dist/tex/latex/latexconfig/color.cfg
File: color.cfg 2007/01/18 v1.5 color configuration of teTeX/TeXLive
)
Package xcolor Info: Driver file: dvips.def on input line 225.
Package xcolor Info: Model `cmy' substituted by `cmy0' on input line 1337.
Package xcolor Info: Model `RGB' extended on input line 1353.
Package xcolor Info: Model `HTML' substituted by `rgb' on input line 1355.
Package xcolor Info: Model `Hsb' substituted by `hsb' on input line 1356.
Package xcolor Info: Model `tHsb' substituted by `hsb' on input line 1357.
Package xcolor Info: Model `HSB' substituted by `hsb' on input line 1358.
Package xcolor Info: Model `Gray' substituted by `gray' on input line 1359.
Package xcolor Info: Model `wave' substituted by `hsb' on input line 1360.
)
(/usr/share/texmf/tex/generic/pgf/basiclayer/pgfcore.code.tex
Package: pgfcore 2010/04/11 v2.10 (rcs-revision 1.7)

(/usr/share/texmf/tex/generic/pgf/math/pgfmath.code.tex
(/usr/share/texmf/tex/generic/pgf/math/pgfmathcalc.code.tex
(/usr/share/texmf/tex/generic/pgf/math/pgfmathutil.code.tex)
(/usr/share/texmf/tex/generic/pgf/math/pgfmathparser.code.tex
\pgfmath@dimen=\dimen137
\pgfmath@count=\count112
\pgfmath@box=\box35
\pgfmath@toks=\toks20
\pgfmath@stack@operand=\toks21
\pgfmath@stack@operation=\toks22
)
(/usr/share/texmf/tex/generic/pgf/math/pgfmathfunctions.code.tex
(/usr/share/texmf/tex/generic/pgf/math/pgfmathfunctions.basic.code.tex)
(/usr/share/texmf/tex/generic/pgf/math/pgfmathfunctions.trigonometric.code.tex)
(/usr/share/texmf/tex/generic/pgf/math/pgfmathfunctions.random.code.tex)
(/usr/share/texmf/tex/generic/pgf/math/pgfmathfunctions.comparison.code.tex)
(/usr/share/texmf/tex/generic/pgf/math/pgfmathfunctions.base.code.tex)
(/usr/share/texmf/tex/generic/pgf/math/pgfmathfunctions.round.code.tex)
(/usr/share/texmf/tex/generic/pgf/math/pgfmathfunctions.misc.code.tex)))
(/usr/share/texmf/tex/generic/pgf/math/pgfmathfloat.code.tex
\c@pgfmathroundto@lastzeros=\count113
))
(/usr/share/texmf/tex/generic/pgf/basiclayer/pgfcorepoints.code.tex
File: pgfcorepoints.code.tex 2010/04/09  (rcs-revision 1.20)
\pgf@picminx=\dimen138
\pgf@picmaxx=\dimen139
\pgf@picminy=\dimen140
\pgf@picmaxy=\dimen141
\pgf@pathminx=\dimen142
\pgf@pathmaxx=\dimen143
\pgf@pathminy=\dimen144
\pgf@pathmaxy=\dimen145
\pgf@xx=\dimen146
\pgf@xy=\dimen147
\pgf@yx=\dimen148
\pgf@yy=\dimen149
\pgf@zx=\dimen150
\pgf@zy=\dimen151
)
(/usr/share/texmf/tex/generic/pgf/basiclayer/pgfcorepathconstruct.code.tex
File: pgfcorepathconstruct.code.tex 2010/08/03  (rcs-revision 1.24)
\pgf@path@lastx=\dimen152
\pgf@path@lasty=\dimen153
)
(/usr/share/texmf/tex/generic/pgf/basiclayer/pgfcorepathusage.code.tex
File: pgfcorepathusage.code.tex 2008/04/22  (rcs-revision 1.12)
\pgf@shorten@end@additional=\dimen154
\pgf@shorten@start@additional=\dimen155
)
(/usr/share/texmf/tex/generic/pgf/basiclayer/pgfcorescopes.code.tex
File: pgfcorescopes.code.tex 2010/09/08  (rcs-revision 1.34)
\pgfpic=\box36
\pgf@hbox=\box37
\pgf@layerbox@main=\box38
\pgf@picture@serial@count=\count114
)
(/usr/share/texmf/tex/generic/pgf/basiclayer/pgfcoregraphicstate.code.tex
File: pgfcoregraphicstate.code.tex 2008/04/22  (rcs-revision 1.9)
\pgflinewidth=\dimen156
)
(/usr/share/texmf/tex/generic/pgf/basiclayer/pgfcoretransformations.code.tex
File: pgfcoretransformations.code.tex 2009/06/10  (rcs-revision 1.11)
\pgf@pt@x=\dimen157
\pgf@pt@y=\dimen158
\pgf@pt@temp=\dimen159
)
(/usr/share/texmf/tex/generic/pgf/basiclayer/pgfcorequick.code.tex
File: pgfcorequick.code.tex 2008/10/09  (rcs-revision 1.3)
)
(/usr/share/texmf/tex/generic/pgf/basiclayer/pgfcoreobjects.code.tex
File: pgfcoreobjects.code.tex 2006/10/11  (rcs-revision 1.2)
)
(/usr/share/texmf/tex/generic/pgf/basiclayer/pgfcorepathprocessing.code.tex
File: pgfcorepathprocessing.code.tex 2008/10/09  (rcs-revision 1.8)
)
(/usr/share/texmf/tex/generic/pgf/basiclayer/pgfcorearrows.code.tex
File: pgfcorearrows.code.tex 2008/04/23  (rcs-revision 1.11)
)
(/usr/share/texmf/tex/generic/pgf/basiclayer/pgfcoreshade.code.tex
File: pgfcoreshade.code.tex 2008/11/23  (rcs-revision 1.13)
\pgf@max=\dimen160
\pgf@sys@shading@range@num=\count115
)
(/usr/share/texmf/tex/generic/pgf/basiclayer/pgfcoreimage.code.tex
File: pgfcoreimage.code.tex 2010/03/25  (rcs-revision 1.16)

(/usr/share/texmf/tex/generic/pgf/basiclayer/pgfcoreexternal.code.tex
File: pgfcoreexternal.code.tex 2010/09/01  (rcs-revision 1.17)
\pgfexternal@startupbox=\box39
))
(/usr/share/texmf/tex/generic/pgf/basiclayer/pgfcorelayers.code.tex
File: pgfcorelayers.code.tex 2010/08/27  (rcs-revision 1.2)
)
(/usr/share/texmf/tex/generic/pgf/basiclayer/pgfcoretransparency.code.tex
File: pgfcoretransparency.code.tex 2008/01/17  (rcs-revision 1.2)
)
(/usr/share/texmf/tex/generic/pgf/basiclayer/pgfcorepatterns.code.tex
File: pgfcorepatterns.code.tex 2009/07/02  (rcs-revision 1.3)
)))
(/usr/share/texmf/tex/latex/pgf/utilities/xxcolor.sty
Package: xxcolor 2003/10/24 ver 0.1
\XC@nummixins=\count116
\XC@countmixins=\count117
)
(/usr/share/texlive/texmf-dist/tex/latex/hyperref/hyperref.sty
Package: hyperref 2012/05/13 v6.82q Hypertext links for LaTeX

(/usr/share/texlive/texmf-dist/tex/generic/oberdiek/hobsub-hyperref.sty
Package: hobsub-hyperref 2012/05/28 v1.13 Bundle oberdiek, subset hyperref (HO)


(/usr/share/texlive/texmf-dist/tex/generic/oberdiek/hobsub-generic.sty
Package: hobsub-generic 2012/05/28 v1.13 Bundle oberdiek, subset generic (HO)
Package: hobsub 2012/05/28 v1.13 Construct package bundles (HO)
Package: infwarerr 2010/04/08 v1.3 Providing info/warning/error messages (HO)
Package: ltxcmds 2011/11/09 v1.22 LaTeX kernel commands for general use (HO)
Package: ifluatex 2010/03/01 v1.3 Provides the ifluatex switch (HO)
Package ifluatex Info: LuaTeX not detected.
Package hobsub Info: Skipping package `ifvtex' (already loaded).
Package: intcalc 2007/09/27 v1.1 Expandable calculations with integers (HO)
Package hobsub Info: Skipping package `ifpdf' (already loaded).
Package: etexcmds 2011/02/16 v1.5 Avoid name clashes with e-TeX commands (HO)
Package etexcmds Info: Could not find \expanded.
(etexcmds)             That can mean that you are not using pdfTeX 1.50 or
(etexcmds)             that some package has redefined \expanded.
(etexcmds)             In the latter case, load this package earlier.
Package: kvsetkeys 2012/04/25 v1.16 Key value parser (HO)
Package: kvdefinekeys 2011/04/07 v1.3 Define keys (HO)
Package: pdftexcmds 2011/11/29 v0.20 Utility functions of pdfTeX for LuaTeX (HO
)
Package pdftexcmds Info: LuaTeX not detected.
Package pdftexcmds Info: \pdf@primitive is available.
Package pdftexcmds Info: \pdf@ifprimitive is available.
Package pdftexcmds Info: \pdfdraftmode is ignored in DVI mode.
Package: pdfescape 2011/11/25 v1.13 Implements pdfTeX's escape features (HO)
Package: bigintcalc 2012/04/08 v1.3 Expandable calculations on big integers (HO
)
Package: bitset 2011/01/30 v1.1 Handle bit-vector datatype (HO)
Package: uniquecounter 2011/01/30 v1.2 Provide unlimited unique counter (HO)
)
Package hobsub Info: Skipping package `hobsub' (already loaded).
Package: letltxmacro 2010/09/02 v1.4 Let assignment for LaTeX macros (HO)
Package: hopatch 2012/05/28 v1.2 Wrapper for package hooks (HO)
Package: xcolor-patch 2011/01/30 xcolor patch
Package: atveryend 2011/06/30 v1.8 Hooks at the very end of document (HO)
Package atveryend Info: \enddocument detected (standard20110627).
Package: atbegshi 2011/10/05 v1.16 At begin shipout hook (HO)
Package: refcount 2011/10/16 v3.4 Data extraction from label references (HO)
Package: hycolor 2011/01/30 v1.7 Color options for hyperref/bookmark (HO)
)
(/usr/share/texlive/texmf-dist/tex/latex/oberdiek/kvoptions.sty
Package: kvoptions 2011/06/30 v3.11 Key value format for package options (HO)
)
\@linkdim=\dimen161
\Hy@linkcounter=\count118
\Hy@pagecounter=\count119

(/usr/share/texlive/texmf-dist/tex/latex/hyperref/pd1enc.def
File: pd1enc.def 2012/05/13 v6.82q Hyperref: PDFDocEncoding definition (HO)
)
\Hy@SavedSpaceFactor=\count120

(/usr/share/texlive/texmf-dist/tex/latex/latexconfig/hyperref.cfg
File: hyperref.cfg 2002/06/06 v1.2 hyperref configuration of TeXLive
)
Package hyperref Info: Option `bookmarks' set `true' on input line 3941.
Package hyperref Info: Option `bookmarksopen' set `true' on input line 3941.
Package hyperref Info: Option `implicit' set `false' on input line 3941.
Package hyperref Info: Hyper figures OFF on input line 4062.
Package hyperref Info: Link nesting OFF on input line 4067.
Package hyperref Info: Hyper index ON on input line 4070.
Package hyperref Info: Plain pages OFF on input line 4077.
Package hyperref Info: Backreferencing OFF on input line 4082.
Package hyperref Info: Implicit mode OFF; no redefinition of LaTeX internals.
Package hyperref Info: Bookmarks ON on input line 4300.
\c@Hy@tempcnt=\count121

(/usr/share/texlive/texmf-dist/tex/latex/url/url.sty
\Urlmuskip=\muskip10
Package: url 2006/04/12  ver 3.3  Verb mode for urls, etc.
)
LaTeX Info: Redefining \url on input line 4653.
\Fld@menulength=\count122
\Field@Width=\dimen162
\Fld@charsize=\dimen163
Package hyperref Info: Hyper figures OFF on input line 5773.
Package hyperref Info: Link nesting OFF on input line 5778.
Package hyperref Info: Hyper index ON on input line 5781.
Package hyperref Info: backreferencing OFF on input line 5788.
Package hyperref Info: Link coloring OFF on input line 5793.
Package hyperref Info: Link coloring with OCG OFF on input line 5798.
Package hyperref Info: PDF/A mode OFF on input line 5803.
LaTeX Info: Redefining \ref on input line 5843.
LaTeX Info: Redefining \pageref on input line 5847.
\Hy@abspage=\count123


Package hyperref Message: Stopped early.

)

Package hyperref Message: Driver (default): hdvips.

(/usr/share/texlive/texmf-dist/tex/latex/hyperref/hdvips.def
File: hdvips.def 2012/05/13 v6.82q Hyperref driver for dvips

(/usr/share/texlive/texmf-dist/tex/latex/hyperref/pdfmark.def
File: pdfmark.def 2012/05/13 v6.82q Hyperref definitions for pdfmark specials
\pdf@docset=\toks23
\pdf@box=\box40
\pdf@toks=\toks24
\pdf@defaulttoks=\toks25
\Fld@listcount=\count124
\c@bookmark@seq@number=\count125

(/usr/share/texlive/texmf-dist/tex/latex/oberdiek/rerunfilecheck.sty
Package: rerunfilecheck 2011/04/15 v1.7 Rerun checks for auxiliary files (HO)
Package uniquecounter Info: New unique counter `rerunfilecheck' on input line 2
82.
)))
(/usr/share/texmf/tex/latex/beamer/base/beamerbaserequires.sty
Package: beamerbaserequires 2010/05/01  (rcs-revision efa082c6111d)

(/usr/share/texmf/tex/latex/beamer/base/beamerbasecompatibility.sty
Package: beamerbasecompatibility 2010/07/12  (rcs-revision 6648c3177e4e)
)
(/usr/share/texmf/tex/latex/beamer/base/beamerbasefont.sty
Package: beamerbasefont 2010/05/10  (rcs-revision cd36e8a33c6b)

(/usr/share/texlive/texmf-dist/tex/latex/amsfonts/amssymb.sty
Package: amssymb 2009/06/22 v3.00

(/usr/share/texlive/texmf-dist/tex/latex/amsfonts/amsfonts.sty
Package: amsfonts 2009/06/22 v3.00 Basic AMSFonts support
\@emptytoks=\toks26
\symAMSa=\mathgroup4
\symAMSb=\mathgroup5
LaTeX Font Info:    Overwriting math alphabet `\mathfrak' in version `bold'
(Font)                  U/euf/m/n --> U/euf/b/n on input line 96.
)))
(/usr/share/texmf/tex/latex/beamer/base/beamerbasetranslator.sty
Package: beamerbasetranslator 2010/06/11  (rcs-revision 85fd1cc7fc42)

(/usr/share/texmf/tex/latex/beamer/base/translator/translator.sty
Package: translator 2010/06/12 ver 1.10

(/usr/share/texmf/tex/latex/beamer/base/translator/translator-language-mappings
.tex))) (/usr/share/texmf/tex/latex/beamer/base/beamerbasemisc.sty
Package: beamerbasemisc 2010/06/06  (rcs-revision bff0a9294b45)
)
(/usr/share/texmf/tex/latex/beamer/base/beamerbasetwoscreens.sty
Package: beamerbasetwoscreens 2010/05/01  (rcs-revision efa082c6111d)
)
(/usr/share/texmf/tex/latex/beamer/base/beamerbaseoverlay.sty
Package: beamerbaseoverlay 2010/05/07  (rcs-revision 5584dad462a9)
\beamer@argscount=\count126
\beamer@lastskipcover=\skip44
\beamer@trivlistdepth=\count127
)
(/usr/share/texmf/tex/latex/beamer/base/beamerbasetitle.sty
Package: beamerbasetitle 2010/06/12  (rcs-revision 717e481ca47a)
)
(/usr/share/texmf/tex/latex/beamer/base/beamerbasesection.sty
Package: beamerbasesection 2010/06/17  (rcs-revision e0d9401bb743)
\c@lecture=\count128
\c@part=\count129
\c@section=\count130
\c@subsection=\count131
\c@subsubsection=\count132
)
(/usr/share/texmf/tex/latex/beamer/base/beamerbaseframe.sty
Package: beamerbaseframe 2010/06/06  (rcs-revision bff0a9294b45)
\beamer@framebox=\box41
\beamer@frametitlebox=\box42
\beamer@zoombox=\box43
\beamer@zoomcount=\count133
\beamer@zoomframecount=\count134
\beamer@frametextheight=\dimen164
\c@subsectionslide=\count135
\beamer@frametopskip=\skip45
\beamer@framebottomskip=\skip46
\beamer@frametopskipautobreak=\skip47
\beamer@framebottomskipautobreak=\skip48
\beamer@envbody=\toks27
\c@framenumber=\count136
)
(/usr/share/texmf/tex/latex/beamer/base/beamerbaseverbatim.sty
Package: beamerbaseverbatim 2010/05/01  (rcs-revision efa082c6111d)
\beamer@verbatimfileout=\write4
)
(/usr/share/texmf/tex/latex/beamer/base/beamerbaseframesize.sty
Package: beamerbaseframesize 2010/06/27  (rcs-revision 6baa2d92e6f1)
\beamer@splitbox=\box44
\beamer@autobreakcount=\count137
\beamer@autobreaklastheight=\dimen165
\beamer@frametitletoks=\toks28
\beamer@framesubtitletoks=\toks29
)
(/usr/share/texmf/tex/latex/beamer/base/beamerbaseframecomponents.sty
Package: beamerbaseframecomponents 2010/07/12  (rcs-revision 09e82992d9b1)
\beamer@footins=\box45
)
(/usr/share/texmf/tex/latex/beamer/base/beamerbasecolor.sty
Package: beamerbasecolor 2010/06/06  (rcs-revision d1a9b48be06d)
)
(/usr/share/texmf/tex/latex/beamer/base/beamerbasenotes.sty
Package: beamerbasenotes 2010/05/01  (rcs-revision efa082c6111d)
\beamer@frameboxcopy=\box46
)
(/usr/share/texmf/tex/latex/beamer/base/beamerbasetoc.sty
Package: beamerbasetoc 2010/06/11  (rcs-revision 242ecaa6783b)
)
(/usr/share/texmf/tex/latex/beamer/base/beamerbasetemplates.sty
Package: beamerbasetemplates 2010/05/01  (rcs-revision efa082c6111d)
\beamer@sbttoks=\toks30

(/usr/share/texmf/tex/latex/beamer/base/beamerbaseauxtemplates.sty
Package: beamerbaseauxtemplates 2010/05/01  (rcs-revision efa082c6111d)

(/usr/share/texmf/tex/latex/beamer/base/beamerbaseboxes.sty
Package: beamerbaseboxes 2010/05/01  (rcs-revision efa082c6111d)
\bmb@box=\box47
\bmb@colorbox=\box48
\bmb@boxshadow=\box49
\bmb@boxshadowball=\box50
\bmb@boxshadowballlarge=\box51
\bmb@temp=\dimen166
\bmb@dima=\dimen167
\bmb@dimb=\dimen168
\bmb@prevheight=\dimen169
)
\beamer@blockheadheight=\dimen170
))
(/usr/share/texmf/tex/latex/beamer/base/beamerbaselocalstructure.sty
Package: beamerbaselocalstructure 2010/06/01  (rcs-revision 81f9e33f7cc2)

(/usr/share/texlive/texmf-dist/tex/latex/tools/enumerate.sty
Package: enumerate 1999/03/05 v3.00 enumerate extensions (DPC)
\@enLab=\toks31
)
\c@figure=\count138
\c@table=\count139
\abovecaptionskip=\skip49
\belowcaptionskip=\skip50
)
(/usr/share/texmf/tex/latex/beamer/base/beamerbasenavigation.sty
Package: beamerbasenavigation 2010/05/01  (rcs-revision efa082c6111d)
)
(/usr/share/texmf/tex/latex/beamer/base/beamerbasetheorems.sty
Package: beamerbasetheorems 2010/06/06  (rcs-revision 7e7cc5e53e9d)

(/usr/share/texlive/texmf-dist/tex/latex/amsmath/amsmath.sty
Package: amsmath 2000/07/18 v2.13 AMS math features
\@mathmargin=\skip51

For additional information on amsmath, use the `?' option.
(/usr/share/texlive/texmf-dist/tex/latex/amsmath/amstext.sty
Package: amstext 2000/06/29 v2.01

(/usr/share/texlive/texmf-dist/tex/latex/amsmath/amsgen.sty
File: amsgen.sty 1999/11/30 v2.0
\@emptytoks=\toks32
\ex@=\dimen171
))
(/usr/share/texlive/texmf-dist/tex/latex/amsmath/amsbsy.sty
Package: amsbsy 1999/11/29 v1.2d
\pmbraise@=\dimen172
)
(/usr/share/texlive/texmf-dist/tex/latex/amsmath/amsopn.sty
Package: amsopn 1999/12/14 v2.01 operator names
)
\inf@bad=\count140
LaTeX Info: Redefining \frac on input line 211.
\uproot@=\count141
\leftroot@=\count142
LaTeX Info: Redefining \overline on input line 307.
\classnum@=\count143
\DOTSCASE@=\count144
LaTeX Info: Redefining \ldots on input line 379.
LaTeX Info: Redefining \dots on input line 382.
LaTeX Info: Redefining \cdots on input line 467.
\Mathstrutbox@=\box52
\strutbox@=\box53
\big@size=\dimen173
LaTeX Font Info:    Redeclaring font encoding OML on input line 567.
LaTeX Font Info:    Redeclaring font encoding OMS on input line 568.
\macc@depth=\count145
\c@MaxMatrixCols=\count146
\dotsspace@=\muskip11
\c@parentequation=\count147
\dspbrk@lvl=\count148
\tag@help=\toks33
\row@=\count149
\column@=\count150
\maxfields@=\count151
\andhelp@=\toks34
\eqnshift@=\dimen174
\alignsep@=\dimen175
\tagshift@=\dimen176
\tagwidth@=\dimen177
\totwidth@=\dimen178
\lineht@=\dimen179
\@envbody=\toks35
\multlinegap=\skip52
\multlinetaggap=\skip53
\mathdisplay@stack=\toks36
LaTeX Info: Redefining \[ on input line 2666.
LaTeX Info: Redefining \] on input line 2667.
)
(/usr/share/texlive/texmf-dist/tex/latex/amscls/amsthm.sty
Package: amsthm 2009/07/02 v2.20.1
\thm@style=\toks37
\thm@bodyfont=\toks38
\thm@headfont=\toks39
\thm@notefont=\toks40
\thm@headpunct=\toks41
\thm@preskip=\skip54
\thm@postskip=\skip55
\thm@headsep=\skip56
\dth@everypar=\toks42
)
\c@theorem=\count152
)
(/usr/share/texmf/tex/latex/beamer/base/beamerbasethemes.sty
Package: beamerbasethemes 2010/05/01  (rcs-revision efa082c6111d)
))
(/usr/share/texmf/tex/latex/beamer/base/themes/theme/beamerthemedefault.sty
Package: beamerthemedefault 2010/06/17  (rcs-revision d02a7cf4d8ae)

(/usr/share/texmf/tex/latex/beamer/base/themes/font/beamerfontthemedefault.sty
Package: beamerfontthemedefault 2010/06/17  (rcs-revision d02a7cf4d8ae)
)
(/usr/share/texmf/tex/latex/beamer/base/themes/color/beamercolorthemedefault.st
y
Package: beamercolorthemedefault 2010/06/17  (rcs-revision d02a7cf4d8ae)
)
(/usr/share/texmf/tex/latex/beamer/base/themes/inner/beamerinnerthemedefault.st
y
Package: beamerinnerthemedefault 2010/06/17  (rcs-revision d02a7cf4d8ae)
\beamer@dima=\dimen180
\beamer@dimb=\dimen181
)
(/usr/share/texmf/tex/latex/beamer/base/themes/outer/beamerouterthemedefault.st
y
Package: beamerouterthemedefault 2010/06/17  (rcs-revision d02a7cf4d8ae)
))) (/usr/share/texmf/tex/latex/beamer/base/emulation/beamerprosper.sty
Package: beamerprosper 2010/06/17  (rcs-revision 14743c450e2c)
\beamerprosper@notebox=\box54
\beamerprosper@leftwidth=\dimen182
\beamerprosper@rightwidth=\dimen183
)
(/usr/share/texlive/texmf-dist/tex/latex/colortbl/colortbl.sty
Package: colortbl 2012/02/13 v1.0a Color table columns (DPC)

(/usr/share/texlive/texmf-dist/tex/latex/tools/array.sty
Package: array 2008/09/09 v2.4c Tabular extension package (FMi)
\col@sep=\dimen184
\extrarowheight=\dimen185
\NC@list=\toks43
\extratabsurround=\skip57
\backup@length=\skip58
)
\everycr=\toks44
\minrowclearance=\skip59
)
(/usr/share/texlive/texmf-dist/tex/latex/base/inputenc.sty
Package: inputenc 2008/03/30 v1.1d Input encoding file
\inpenc@prehook=\toks45
\inpenc@posthook=\toks46

(/usr/share/texlive/texmf-dist/tex/latex/base/latin1.def
File: latin1.def 2008/03/30 v1.1d Input encoding file
))
(/usr/share/texlive/texmf-dist/tex/generic/babel/babel.sty
Package: babel 2008/07/08 v3.8m The Babel package

(/usr/share/texlive/texmf-dist/tex/generic/babel/spanish.ldf
Language: spanish.ldf 2011/10/06 v5.0k Spanish support from the babel system

(/usr/share/texlive/texmf-dist/tex/generic/babel/babel.def
File: babel.def 2008/07/08 v3.8m Babel common definitions
LaTeX Info: Redefining \textlatin on input line 82.
\babel@savecnt=\count153
\U@D=\dimen186
)
\es@datefmt=\count154
\es@quottoks=\toks47
\es@quotdepth=\count155
Package babel Info: Making " an active character on input line 496.
Package babel Info: Making . an active character on input line 599.
Package babel Info: Making < an active character on input line 644.
Package babel Info: Making > an active character on input line 644.
))
(/usr/share/texlive/texmf-dist/tex/latex/rotating/rotating.sty
Package: rotating 2009/03/28 v2.16a rotated objects in LaTeX

(/usr/share/texlive/texmf-dist/tex/latex/base/ifthen.sty
Package: ifthen 2001/05/26 v1.1c Standard LaTeX ifthen package (DPC)
)
\c@r@tfl@t=\count156
\rotFPtop=\skip60
\rotFPbot=\skip61
\rot@float@box=\box55
\rot@mess@toks=\toks48
)
(/usr/share/texlive/texmf-dist/tex/latex/tools/multicol.sty
Package: multicol 2011/06/27 v1.7a multicolumn formatting (FMi)
\c@tracingmulticols=\count157
\mult@box=\box56
\multicol@leftmargin=\dimen187
\c@unbalance=\count158
\c@collectmore=\count159
\doublecol@number=\count160
\multicoltolerance=\count161
\multicolpretolerance=\count162
\full@width=\dimen188
\page@free=\dimen189
\premulticols=\dimen190
\postmulticols=\dimen191
\multicolsep=\skip62
\multicolbaselineskip=\skip63
\partial@page=\box57
\last@line=\box58
\mult@rightbox=\box59
\mult@grightbox=\box60
\mult@gfirstbox=\box61
\mult@firstbox=\box62
\@tempa=\box63
\@tempa=\box64
\@tempa=\box65
\@tempa=\box66
\@tempa=\box67
\@tempa=\box68
\@tempa=\box69
\@tempa=\box70
\@tempa=\box71
\@tempa=\box72
\@tempa=\box73
\@tempa=\box74
\@tempa=\box75
\@tempa=\box76
\@tempa=\box77
\@tempa=\box78
\@tempa=\box79
\c@columnbadness=\count163
\c@finalcolumnbadness=\count164
\last@try=\dimen192
\multicolovershoot=\dimen193
\multicolundershoot=\dimen194
\mult@nat@firstbox=\box80
\colbreak@box=\box81
\multicol@sort@counter=\count165
)
(/usr/share/texlive/texmf-dist/tex/latex/multirow/multirow.sty
\bigstrutjot=\dimen195
)
(/usr/share/texlive/texmf-dist/tex/latex/base/fontenc.sty
Package: fontenc 2005/09/27 v1.99g Standard LaTeX package

(/usr/share/texlive/texmf-dist/tex/latex/base/t1enc.def
File: t1enc.def 2005/09/27 v1.99g Standard LaTeX file
LaTeX Font Info:    Redeclaring font encoding T1 on input line 43.
))
(/usr/share/texlive/texmf-dist/tex/latex/base/fix-cm.sty
Package: fix-cm 2006/09/13 v1.1m fixes to LaTeX

(/usr/share/texlive/texmf-dist/tex/latex/base/ts1enc.def
File: ts1enc.def 2001/06/05 v3.0e (jk/car/fm) Standard LaTeX file
))
(/usr/share/texlive/texmf-dist/tex/latex/booktabs/booktabs.sty
Package: booktabs 2005/04/14 v1.61803 publication quality tables
\heavyrulewidth=\dimen196
\lightrulewidth=\dimen197
\cmidrulewidth=\dimen198
\belowrulesep=\dimen199
\belowbottomsep=\dimen200
\aboverulesep=\dimen201
\abovetopsep=\dimen202
\cmidrulesep=\dimen203
\cmidrulekern=\dimen204
\defaultaddspace=\dimen205
\@cmidla=\count166
\@cmidlb=\count167
\@aboverulesep=\dimen206
\@belowrulesep=\dimen207
\@thisruleclass=\count168
\@lastruleclass=\count169
\@thisrulewidth=\dimen208
)
(/usr/share/texmf/tex/latex/beamer/base/themes/theme/beamerthemeDarmstadt.sty
Package: beamerthemeDarmstadt 2010/06/17  (rcs-revision d02a7cf4d8ae)

(/usr/share/texmf/tex/latex/beamer/base/themes/outer/beamerouterthemesmoothbars
.sty
Package: beamerouterthemesmoothbars 2010/06/17  (rcs-revision d02a7cf4d8ae)
)
(/usr/share/texmf/tex/latex/beamer/base/themes/inner/beamerinnerthemerounded.st
y
Package: beamerinnerthemerounded 2010/06/17  (rcs-revision d02a7cf4d8ae)
)
(/usr/share/texmf/tex/latex/beamer/base/themes/color/beamercolorthemeorchid.sty
Package: beamercolorthemeorchid 2010/06/17  (rcs-revision d02a7cf4d8ae)
)
(/usr/share/texmf/tex/latex/beamer/base/themes/color/beamercolorthemewhale.sty
Package: beamercolorthemewhale 2010/06/17  (rcs-revision d02a7cf4d8ae)
)) (/usr/share/texmf/tex/latex/beamer/base/themes/font/beamerfontthemeserif.sty
Package: beamerfontthemeserif 2010/06/17  (rcs-revision d02a7cf4d8ae)
)
(/usr/share/texmf/tex/latex/beamer/base/themes/font/beamerfontthemestructurebol
d.sty
Package: beamerfontthemestructurebold 2010/06/17  (rcs-revision d02a7cf4d8ae)
) (./beamerouterthemetsam.sty
Package: beamerouterthemetsam 2007/10/22  (rcs-revision 0.9)
) (./slide.aux
LaTeX Info: Redefining \. on input line 24.
LaTeX Info: Redefining \% on input line 24.
)
\openout1 = `slide.aux'.

LaTeX Font Info:    Checking defaults for OML/cmm/m/it on input line 72.
LaTeX Font Info:    ... okay on input line 72.
LaTeX Font Info:    Checking defaults for T1/cmr/m/n on input line 72.
LaTeX Font Info:    ... okay on input line 72.
LaTeX Font Info:    Checking defaults for OT1/cmr/m/n on input line 72.
LaTeX Font Info:    ... okay on input line 72.
LaTeX Font Info:    Checking defaults for OMS/cmsy/m/n on input line 72.
LaTeX Font Info:    ... okay on input line 72.
LaTeX Font Info:    Checking defaults for OMX/cmex/m/n on input line 72.
LaTeX Font Info:    ... okay on input line 72.
LaTeX Font Info:    Checking defaults for U/cmr/m/n on input line 72.
LaTeX Font Info:    ... okay on input line 72.
LaTeX Font Info:    Checking defaults for PD1/pdf/m/n on input line 72.
LaTeX Font Info:    ... okay on input line 72.
LaTeX Font Info:    Checking defaults for TS1/cmr/m/n on input line 72.
LaTeX Font Info:    ... okay on input line 72.

*geometry* driver: auto-detecting
*geometry* detected driver: dvips
*geometry* verbose mode - [ preamble ] result:
* driver: dvips
* paper: custom
* layout: <same size as paper>
* layoutoffset:(h,v)=(0.0pt,0.0pt)
* modes: includehead includefoot 
* h-part:(L,W,R)=(10.88002pt, 342.43532pt, 10.88002pt)
* v-part:(T,H,B)=(0.0pt, 273.14662pt, 0.0pt)
* \paperwidth=364.19536pt
* \paperheight=273.14662pt
* \textwidth=342.43532pt
* \textheight=244.6939pt
* \oddsidemargin=-61.38997pt
* \evensidemargin=-61.38997pt
* \topmargin=-72.26999pt
* \headheight=14.22636pt
* \headsep=0.0pt
* \topskip=11.0pt
* \footskip=14.22636pt
* \marginparwidth=4.0pt
* \marginparsep=10.0pt
* \columnsep=10.0pt
* \skip\footins=10.0pt plus 4.0pt minus 2.0pt
* \hoffset=0.0pt
* \voffset=0.0pt
* \mag=1000
* \@twocolumnfalse
* \@twosidefalse
* \@mparswitchfalse
* \@reversemarginfalse
* (1in=72.27pt=25.4mm, 1cm=28.453pt)

ABD: EveryShipout initializing macros
\AtBeginShipoutBox=\box82
Package hyperref Info: Link coloring OFF on input line 72.

(/usr/share/texlive/texmf-dist/tex/latex/hyperref/nameref.sty
Package: nameref 2010/04/30 v2.40 Cross-referencing by name of section

(/usr/share/texlive/texmf-dist/tex/generic/oberdiek/gettitlestring.sty
Package: gettitlestring 2010/12/03 v1.4 Cleanup title references (HO)
)
\c@section@level=\count170
)
LaTeX Info: Redefining \ref on input line 72.
LaTeX Info: Redefining \pageref on input line 72.
LaTeX Info: Redefining \nameref on input line 72.

(./slide.out) (./slide.out)
\@outlinefile=\write5
\openout5 = `slide.out'.


(/usr/share/texmf/tex/latex/beamer/base/translator/dicts/translator-basic-dicti
onary/translator-basic-dictionary-English.dict
Dictionary: translator-basic-dictionary, Language: English 
)
(/usr/share/texmf/tex/latex/beamer/base/translator/dicts/translator-bibliograph
y-dictionary/translator-bibliography-dictionary-English.dict
Dictionary: translator-bibliography-dictionary, Language: English 
)
(/usr/share/texmf/tex/latex/beamer/base/translator/dicts/translator-environment
-dictionary/translator-environment-dictionary-English.dict
Dictionary: translator-environment-dictionary, Language: English 
)
(/usr/share/texmf/tex/latex/beamer/base/translator/dicts/translator-months-dict
ionary/translator-months-dictionary-English.dict
Dictionary: translator-months-dictionary, Language: English 
)
(/usr/share/texmf/tex/latex/beamer/base/translator/dicts/translator-numbers-dic
tionary/translator-numbers-dictionary-English.dict
Dictionary: translator-numbers-dictionary, Language: English 
)
(/usr/share/texmf/tex/latex/beamer/base/translator/dicts/translator-theorem-dic
tionary/translator-theorem-dictionary-English.dict
Dictionary: translator-theorem-dictionary, Language: English 
)
LaTeX Info: Redefining \. on input line 72.
LaTeX Info: Redefining \% on input line 72.
 (./slide.nav)
LaTeX Font Info:    Try loading font information for U+msa on input line 72.

(/usr/share/texlive/texmf-dist/tex/latex/amsfonts/umsa.fd
File: umsa.fd 2009/06/22 v3.00 AMS symbols A
)
LaTeX Font Info:    Try loading font information for U+msb on input line 72.

(/usr/share/texlive/texmf-dist/tex/latex/amsfonts/umsb.fd
File: umsb.fd 2009/06/22 v3.00 AMS symbols B
)
LaTeX Font Info:    Font shape `T1/cmss/m/it' in size <9> not available
(Font)              Font shape `T1/cmss/m/sl' tried instead on input line 73.
File: imagenes/fichunl.eps Graphic file (type eps)

<imagenes/fichunl.eps>
File: imagenes/sinc.eps Graphic file (type eps)
 <imagenes/sinc.eps> [1

] (./slide.toc
LaTeX Info: Redefining \. on input line 2.
LaTeX Info: Redefining \% on input line 2.
)
File: imagenes/sinc.eps Graphic file (type eps)

<imagenes/sinc.eps> [2

] (./slide.toc
LaTeX Info: Redefining \. on input line 2.
LaTeX Info: Redefining \% on input line 2.
)
File: imagenes/sinc.eps Graphic file (type eps)
 <imagenes/sinc.eps> [3

]
File: imagenes/sinc.eps Graphic file (type eps)

<imagenes/sinc.eps>
File: imagenes/sinc.eps Graphic file (type eps)
 <imagenes/sinc.eps> [4

]
File: imagenes/sinc.eps Graphic file (type eps)
 <imagenes/sinc.eps>
File: imagenes/sinc.eps Graphic file (type eps)

<imagenes/sinc.eps> [5

]
File: imagenes/sinc.eps Graphic file (type eps)
 <imagenes/sinc.eps>
File: imagenes/sinc.eps Graphic file (type eps)
 <imagenes/sinc.eps>
File: imagenes/sinc.eps Graphic file (type eps)

<imagenes/sinc.eps> [6

]
File: imagenes/sinc.eps Graphic file (type eps)
 <imagenes/sinc.eps>
File: imagenes/sinc.eps Graphic file (type eps)
 <imagenes/sinc.eps> [7

]
File: imagenes/sinc.eps Graphic file (type eps)

<imagenes/sinc.eps>
File: imagenes/sinc.eps Graphic file (type eps)
 <imagenes/sinc.eps>
File: imagenes/sinc.eps Graphic file (type eps)
 <imagenes/sinc.eps> [8

]
File: imagenes/sinc.eps Graphic file (type eps)

<imagenes/sinc.eps> [9

]
File: imagenes/sinc.eps Graphic file (type eps)
 <imagenes/sinc.eps>
File: imagenes/sinc.eps Graphic file (type eps)
 <imagenes/sinc.eps> [10

]
File: imagenes/sinc.eps Graphic file (type eps)

<imagenes/sinc.eps>
File: imagenes/sinc.eps Graphic file (type eps)
 <imagenes/sinc.eps> [11

]
File: imagenes/sinc.eps Graphic file (type eps)
 <imagenes/sinc.eps> [12

]
File: imagenes/sinc.eps Graphic file (type eps)

<imagenes/sinc.eps> [13

] (./slide.toc
LaTeX Info: Redefining \. on input line 2.
LaTeX Info: Redefining \% on input line 2.
)
File: imagenes/sinc.eps Graphic file (type eps)
 <imagenes/sinc.eps> [14

]
File: imagenes/sinc.eps Graphic file (type eps)

<imagenes/sinc.eps> [15

]
File: imagenes/sinc.eps Graphic file (type eps)
 <imagenes/sinc.eps> [16

]
File: imagenes/sinc.eps Graphic file (type eps)
 <imagenes/sinc.eps> [17

]
File: imagenes/sinc.eps Graphic file (type eps)

<imagenes/sinc.eps>
File: imagenes/sinc.eps Graphic file (type eps)
 <imagenes/sinc.eps> [18

]
File: imagenes/sinc.eps Graphic file (type eps)
 <imagenes/sinc.eps> [19

]
File: imagenes/sinc.eps Graphic file (type eps)

<imagenes/sinc.eps> [20

] (./slide.toc
LaTeX Info: Redefining \. on input line 2.
LaTeX Info: Redefining \% on input line 2.
)
File: imagenes/sinc.eps Graphic file (type eps)
 <imagenes/sinc.eps> [21

]
LaTeX Font Info:    Font shape `T1/cmss/m/it' in size <6> not available
(Font)              Font shape `T1/cmss/m/sl' tried instead on input line 323.
File: imagenes/sinc.eps Graphic file (type eps)

<imagenes/sinc.eps> [22

]
File: imagenes/sinc.eps Graphic file (type eps)
 <imagenes/sinc.eps> [23

]
File: imagenes/sinc.eps Graphic file (type eps)
 <imagenes/sinc.eps> [24

]
File: imagenes/sinc.eps Graphic file (type eps)

<imagenes/sinc.eps> [25

]
File: imagenes/sinc.eps Graphic file (type eps)
 <imagenes/sinc.eps> [26

]
File: imagenes/sinc.eps Graphic file (type eps)
 <imagenes/sinc.eps> [27

]
File: imagenes/sinc.eps Graphic file (type eps)

<imagenes/sinc.eps> [28

]
File: imagenes/sinc.eps Graphic file (type eps)
 <imagenes/sinc.eps> [29

]
File: imagenes/sinc.eps Graphic file (type eps)
 <imagenes/sinc.eps> [30

]
File: imagenes/sinc.eps Graphic file (type eps)

<imagenes/sinc.eps> [31

]
File: imagenes/sinc.eps Graphic file (type eps)
 <imagenes/sinc.eps> [32

]
LaTeX Font Info:    Font shape `T1/cmss/m/it' in size <8> not available
(Font)              Font shape `T1/cmss/m/sl' tried instead on input line 400.

Overfull \hbox (2.71889pt too wide) in paragraph at lines 400--400
[]|$  $\T1/cmss/m/sl/8 42| 
 []


Overfull \hbox (2.71889pt too wide) in paragraph at lines 400--400
[]|$  $\T1/cmss/m/sl/8 32| 
 []


Overfull \hbox (2.71889pt too wide) in paragraph at lines 400--400
[]|$  $\T1/cmss/m/sl/8 26| 
 []


Overfull \hbox (2.71889pt too wide) in paragraph at lines 400--400
[]|$  $\T1/cmss/m/sl/8 21| 
 []


Overfull \hbox (2.71889pt too wide) in paragraph at lines 400--400
[]|$  $\T1/cmss/m/sl/8 16| 
 []


Overfull \hbox (2.71889pt too wide) in paragraph at lines 400--400
[]|$  $\T1/cmss/m/sl/8 14| 
 []


Overfull \hbox (2.71889pt too wide) in paragraph at lines 400--400
[]|$  $\T1/cmss/m/sl/8 12| 
 []


Overfull \hbox (2.71889pt too wide) in paragraph at lines 400--400
[]|$  $\T1/cmss/m/sl/8 10| 
 []


Overfull \hbox (7.97546pt too wide) in paragraph at lines 400--400
[]|\T1/cmss/m/n/8 61.11| 
 []


Overfull \hbox (7.97546pt too wide) in paragraph at lines 400--400
[]|\T1/cmss/m/n/8 63.89| 
 []


Overfull \hbox (7.97546pt too wide) in paragraph at lines 400--400
[]|\T1/cmss/m/n/8 63.89| 
 []


Overfull \hbox (7.97546pt too wide) in paragraph at lines 400--400
[]|\T1/cmss/m/n/8 63.89| 
 []


Overfull \hbox (7.97546pt too wide) in paragraph at lines 400--400
[]|\T1/cmss/m/n/8 63.89| 
 []


Overfull \hbox (7.97546pt too wide) in paragraph at lines 400--400
[]|\T1/cmss/m/n/8 63.89| 
 []


Overfull \hbox (7.97546pt too wide) in paragraph at lines 400--400
[]|\T1/cmss/m/n/8 70.83| 
 []


Overfull \hbox (7.97546pt too wide) in paragraph at lines 400--400
[]|\T1/cmss/m/n/8 76.39| 
 []


Overfull \hbox (7.97546pt too wide) in paragraph at lines 400--400
[]|\T1/cmss/m/n/8 77.78| 
 []


Overfull \hbox (7.84895pt too wide) in paragraph at lines 400--400
[]|[]\T1/cmss/bx/n/8 79.17[]| 
 []


Overfull \hbox (7.97546pt too wide) in paragraph at lines 400--400
[]|\T1/cmss/m/n/8 76.39| 
 []


Overfull \hbox (7.97546pt too wide) in paragraph at lines 400--400
[]|\T1/cmss/m/n/8 62.50| 
 []


Overfull \hbox (7.97546pt too wide) in paragraph at lines 400--400
[]|\T1/cmss/m/n/8 76.52| 
 []


Overfull \hbox (7.97546pt too wide) in paragraph at lines 400--400
[]|\T1/cmss/m/n/8 80.30| 
 []


Overfull \hbox (7.97546pt too wide) in paragraph at lines 400--400
[]|\T1/cmss/m/n/8 80.30| 
 []


Overfull \hbox (7.97546pt too wide) in paragraph at lines 400--400
[]|\T1/cmss/m/n/8 80.68| 
 []


Overfull \hbox (7.97546pt too wide) in paragraph at lines 400--400
[]|\T1/cmss/m/n/8 80.68| 
 []


Overfull \hbox (7.97546pt too wide) in paragraph at lines 400--400
[]|\T1/cmss/m/n/8 79.55| 
 []


Overfull \hbox (7.97546pt too wide) in paragraph at lines 400--400
[]|\T1/cmss/m/n/8 80.68| 
 []


Overfull \hbox (7.84895pt too wide) in paragraph at lines 400--400
[]|[]\T1/cmss/bx/n/8 85.61[]| 
 []


Overfull \hbox (7.97546pt too wide) in paragraph at lines 400--400
[]|\T1/cmss/m/n/8 84.85| 
 []


Overfull \hbox (7.97546pt too wide) in paragraph at lines 400--400
[]|\T1/cmss/m/n/8 84.47| 
 []


Overfull \hbox (7.97546pt too wide) in paragraph at lines 400--400
[]|\T1/cmss/m/n/8 80.30| 
 []


Overfull \hbox (7.97546pt too wide) in paragraph at lines 400--400
[]|\T1/cmss/m/n/8 77.65| 
 []


Overfull \hbox (3.13173pt too wide) in paragraph at lines 400--400
[]|\T1/cmss/m/n/8 DESEMBOCA| 
 []


Overfull \hbox (7.97546pt too wide) in paragraph at lines 400--400
[]|\T1/cmss/m/n/8 80.38| 
 []


Overfull \hbox (7.97546pt too wide) in paragraph at lines 400--400
[]|\T1/cmss/m/n/8 80.38| 
 []


Overfull \hbox (7.97546pt too wide) in paragraph at lines 400--400
[]|\T1/cmss/m/n/8 80.38| 
 []


Overfull \hbox (7.97546pt too wide) in paragraph at lines 400--400
[]|\T1/cmss/m/n/8 80.38| 
 []


Overfull \hbox (7.97546pt too wide) in paragraph at lines 400--400
[]|\T1/cmss/m/n/8 80.38| 
 []


Overfull \hbox (7.97546pt too wide) in paragraph at lines 400--400
[]|\T1/cmss/m/n/8 80.38| 
 []


Overfull \hbox (7.97546pt too wide) in paragraph at lines 400--400
[]|\T1/cmss/m/n/8 80.38| 
 []


Overfull \hbox (7.97546pt too wide) in paragraph at lines 400--400
[]|\T1/cmss/m/n/8 80.38| 
 []


Overfull \hbox (7.97546pt too wide) in paragraph at lines 400--400
[]|\T1/cmss/m/n/8 80.38| 
 []


Overfull \hbox (7.84895pt too wide) in paragraph at lines 400--400
[]|[]\T1/cmss/bx/n/8 84.21[]| 
 []


Overfull \hbox (7.97546pt too wide) in paragraph at lines 400--400
[]|\T1/cmss/m/n/8 80.38| 
 []


Overfull \hbox (7.97546pt too wide) in paragraph at lines 400--400
[]|\T1/cmss/m/n/8 74.64| 
 []


Overfull \hbox (9.13026pt too wide) in paragraph at lines 400--400
[]|\T1/cmss/m/n/8 DESEMBOCAN| 
 []


Overfull \hbox (7.97546pt too wide) in paragraph at lines 400--400
[]|\T1/cmss/m/n/8 79.79| 
 []


Overfull \hbox (7.97546pt too wide) in paragraph at lines 400--400
[]|\T1/cmss/m/n/8 79.79| 
 []


Overfull \hbox (7.97546pt too wide) in paragraph at lines 400--400
[]|\T1/cmss/m/n/8 79.79| 
 []


Overfull \hbox (7.97546pt too wide) in paragraph at lines 400--400
[]|\T1/cmss/m/n/8 83.94| 
 []


Overfull \hbox (7.97546pt too wide) in paragraph at lines 400--400
[]|\T1/cmss/m/n/8 84.72| 
 []


Overfull \hbox (7.97546pt too wide) in paragraph at lines 400--400
[]|\T1/cmss/m/n/8 84.72| 
 []


Overfull \hbox (7.97546pt too wide) in paragraph at lines 400--400
[]|\T1/cmss/m/n/8 84.72| 
 []


Overfull \hbox (7.97546pt too wide) in paragraph at lines 400--400
[]|\T1/cmss/m/n/8 84.72| 
 []


Overfull \hbox (7.97546pt too wide) in paragraph at lines 400--400
[]|\T1/cmss/m/n/8 84.72| 
 []


Overfull \hbox (7.84895pt too wide) in paragraph at lines 400--400
[]|[]\T1/cmss/bx/n/8 85.49[]| 
 []


Overfull \hbox (7.84895pt too wide) in paragraph at lines 400--400
[]|\T1/cmss/bx/n/8 85.49| 
 []


Overfull \hbox (7.97546pt too wide) in paragraph at lines 400--400
[]|\T1/cmss/m/n/8 63.73| 
 []


Overfull \hbox (7.84895pt too wide) in paragraph at lines 400--400
[]|[]\T1/cmss/bx/n/8 75.76[]| 
 []


Overfull \hbox (7.84895pt too wide) in paragraph at lines 400--400
[]|\T1/cmss/bx/n/8 75.76| 
 []


Overfull \hbox (7.84895pt too wide) in paragraph at lines 400--400
[]|\T1/cmss/bx/n/8 75.76| 
 []


Overfull \hbox (7.84895pt too wide) in paragraph at lines 400--400
[]|\T1/cmss/bx/n/8 75.76| 
 []


Overfull \hbox (7.84895pt too wide) in paragraph at lines 400--400
[]|\T1/cmss/bx/n/8 75.76| 
 []


Overfull \hbox (7.84895pt too wide) in paragraph at lines 400--400
[]|\T1/cmss/bx/n/8 75.76| 
 []


Overfull \hbox (7.84895pt too wide) in paragraph at lines 400--400
[]|\T1/cmss/bx/n/8 75.76| 
 []


Overfull \hbox (7.84895pt too wide) in paragraph at lines 400--400
[]|\T1/cmss/bx/n/8 75.76| 
 []


Overfull \hbox (7.84895pt too wide) in paragraph at lines 400--400
[]|\T1/cmss/bx/n/8 75.76| 
 []


Overfull \hbox (7.84895pt too wide) in paragraph at lines 400--400
[]|\T1/cmss/bx/n/8 75.76| 
 []


Overfull \hbox (7.84895pt too wide) in paragraph at lines 400--400
[]|\T1/cmss/bx/n/8 75.76| 
 []


Overfull \hbox (7.97546pt too wide) in paragraph at lines 400--400
[]|\T1/cmss/m/n/8 74.89| 
 []


Overfull \hbox (7.84895pt too wide) in paragraph at lines 400--400
[]|[]\T1/cmss/bx/n/8 81.63[]| 
 []


Overfull \hbox (7.84895pt too wide) in paragraph at lines 400--400
[]|\T1/cmss/bx/n/8 81.63| 
 []


Overfull \hbox (7.84895pt too wide) in paragraph at lines 400--400
[]|\T1/cmss/bx/n/8 81.63| 
 []


Overfull \hbox (7.84895pt too wide) in paragraph at lines 400--400
[]|\T1/cmss/bx/n/8 81.63| 
 []


Overfull \hbox (7.84895pt too wide) in paragraph at lines 400--400
[]|\T1/cmss/bx/n/8 81.63| 
 []


Overfull \hbox (7.84895pt too wide) in paragraph at lines 400--400
[]|\T1/cmss/bx/n/8 81.63| 
 []


Overfull \hbox (7.84895pt too wide) in paragraph at lines 400--400
[]|\T1/cmss/bx/n/8 81.63| 
 []


Overfull \hbox (7.84895pt too wide) in paragraph at lines 400--400
[]|\T1/cmss/bx/n/8 81.63| 
 []


Overfull \hbox (7.84895pt too wide) in paragraph at lines 400--400
[]|\T1/cmss/bx/n/8 81.63| 
 []


Overfull \hbox (7.84895pt too wide) in paragraph at lines 400--400
[]|\T1/cmss/bx/n/8 81.63| 
 []


Overfull \hbox (7.84895pt too wide) in paragraph at lines 400--400
[]|\T1/cmss/bx/n/8 81.63| 
 []


Overfull \hbox (7.84895pt too wide) in paragraph at lines 400--400
[]|\T1/cmss/bx/n/8 81.63| 
 []


Overfull \hbox (7.97546pt too wide) in paragraph at lines 400--400
[]|\T1/cmss/m/n/8 86.75| 
 []


Overfull \hbox (7.97546pt too wide) in paragraph at lines 400--400
[]|\T1/cmss/m/n/8 86.75| 
 []


Overfull \hbox (7.97546pt too wide) in paragraph at lines 400--400
[]|\T1/cmss/m/n/8 87.73| 
 []


Overfull \hbox (7.97546pt too wide) in paragraph at lines 400--400
[]|\T1/cmss/m/n/8 87.83| 
 []


Overfull \hbox (7.84895pt too wide) in paragraph at lines 400--400
[]|[]\T1/cmss/bx/n/8 87.93[]| 
 []


Overfull \hbox (7.97546pt too wide) in paragraph at lines 400--400
[]|\T1/cmss/m/n/8 87.73| 
 []


Overfull \hbox (7.97546pt too wide) in paragraph at lines 400--400
[]|\T1/cmss/m/n/8 87.54| 
 []


Overfull \hbox (7.97546pt too wide) in paragraph at lines 400--400
[]|\T1/cmss/m/n/8 87.63| 
 []


Overfull \hbox (7.97546pt too wide) in paragraph at lines 400--400
[]|\T1/cmss/m/n/8 87.63| 
 []


Overfull \hbox (7.97546pt too wide) in paragraph at lines 400--400
[]|\T1/cmss/m/n/8 86.95| 
 []


Overfull \hbox (7.97546pt too wide) in paragraph at lines 400--400
[]|\T1/cmss/m/n/8 86.75| 
 []


Overfull \hbox (7.97546pt too wide) in paragraph at lines 400--400
[]|\T1/cmss/m/n/8 79.49| 
 []


Overfull \hbox (7.97546pt too wide) in paragraph at lines 400--400
[]|\T1/cmss/m/n/8 84.85| 
 []


Overfull \hbox (7.97546pt too wide) in paragraph at lines 400--400
[]|\T1/cmss/m/n/8 84.85| 
 []


Overfull \hbox (7.97546pt too wide) in paragraph at lines 400--400
[]|\T1/cmss/m/n/8 84.85| 
 []


Overfull \hbox (7.97546pt too wide) in paragraph at lines 400--400
[]|\T1/cmss/m/n/8 84.85| 
 []


Overfull \hbox (7.97546pt too wide) in paragraph at lines 400--400
[]|\T1/cmss/m/n/8 84.85| 
 []


Overfull \hbox (7.97546pt too wide) in paragraph at lines 400--400
[]|\T1/cmss/m/n/8 84.85| 
 []


Overfull \hbox (7.97546pt too wide) in paragraph at lines 400--400
[]|\T1/cmss/m/n/8 84.85| 
 []


Overfull \hbox (7.97546pt too wide) in paragraph at lines 400--400
[]|\T1/cmss/m/n/8 84.85| 
 []


Overfull \hbox (7.97546pt too wide) in paragraph at lines 400--400
[]|\T1/cmss/m/n/8 84.85| 
 []


Overfull \hbox (7.97546pt too wide) in paragraph at lines 400--400
[]|\T1/cmss/m/n/8 84.85| 
 []


Overfull \hbox (7.84895pt too wide) in paragraph at lines 400--400
[]|[]\T1/cmss/bx/n/8 89.39[]| 
 []


Overfull \hbox (7.97546pt too wide) in paragraph at lines 400--400
[]|\T1/cmss/m/n/8 87.88| 
 []


Overfull \hbox (7.97546pt too wide) in paragraph at lines 400--400
[]|\T1/cmss/m/n/8 79.17| 
 []


Overfull \hbox (7.97546pt too wide) in paragraph at lines 400--400
[]|\T1/cmss/m/n/8 79.17| 
 []


Overfull \hbox (7.97546pt too wide) in paragraph at lines 400--400
[]|\T1/cmss/m/n/8 80.11| 
 []


Overfull \hbox (7.97546pt too wide) in paragraph at lines 400--400
[]|\T1/cmss/m/n/8 80.11| 
 []


Overfull \hbox (7.97546pt too wide) in paragraph at lines 400--400
[]|\T1/cmss/m/n/8 80.30| 
 []


Overfull \hbox (7.97546pt too wide) in paragraph at lines 400--400
[]|\T1/cmss/m/n/8 80.11| 
 []


Overfull \hbox (7.97546pt too wide) in paragraph at lines 400--400
[]|\T1/cmss/m/n/8 79.36| 
 []


Overfull \hbox (7.97546pt too wide) in paragraph at lines 400--400
[]|\T1/cmss/m/n/8 79.36| 
 []


Overfull \hbox (7.97546pt too wide) in paragraph at lines 400--400
[]|\T1/cmss/m/n/8 79.36| 
 []


Overfull \hbox (7.97546pt too wide) in paragraph at lines 400--400
[]|\T1/cmss/m/n/8 79.55| 
 []


Overfull \hbox (7.84895pt too wide) in paragraph at lines 400--400
[]|[]\T1/cmss/bx/n/8 80.49[]| 
 []


Overfull \hbox (7.97546pt too wide) in paragraph at lines 400--400
[]|\T1/cmss/m/n/8 73.48| 
 []


Overfull \hbox (7.97546pt too wide) in paragraph at lines 400--400
[]|\T1/cmss/m/n/8 56.22| 
 []


Overfull \hbox (7.97546pt too wide) in paragraph at lines 400--400
[]|\T1/cmss/m/n/8 56.22| 
 []


Overfull \hbox (7.97546pt too wide) in paragraph at lines 400--400
[]|\T1/cmss/m/n/8 56.22| 
 []


Overfull \hbox (7.97546pt too wide) in paragraph at lines 400--400
[]|\T1/cmss/m/n/8 56.22| 
 []


Overfull \hbox (7.97546pt too wide) in paragraph at lines 400--400
[]|\T1/cmss/m/n/8 56.22| 
 []


Overfull \hbox (7.97546pt too wide) in paragraph at lines 400--400
[]|\T1/cmss/m/n/8 56.22| 
 []


Overfull \hbox (7.97546pt too wide) in paragraph at lines 400--400
[]|\T1/cmss/m/n/8 56.22| 
 []


Overfull \hbox (7.97546pt too wide) in paragraph at lines 400--400
[]|\T1/cmss/m/n/8 56.22| 
 []


Overfull \hbox (7.97546pt too wide) in paragraph at lines 400--400
[]|\T1/cmss/m/n/8 57.25| 
 []


Overfull \hbox (7.97546pt too wide) in paragraph at lines 400--400
[]|\T1/cmss/m/n/8 59.33| 
 []


Overfull \hbox (7.97546pt too wide) in paragraph at lines 400--400
[]|\T1/cmss/m/n/8 61.66| 
 []


Overfull \hbox (7.84895pt too wide) in paragraph at lines 400--400
[]|[]\T1/cmss/bx/n/8 65.80[]| 
 []


Overfull \hbox (7.97546pt too wide) in paragraph at lines 400--400
[]|\T1/cmss/m/n/8 52.66| 
 []


Overfull \hbox (7.97546pt too wide) in paragraph at lines 400--400
[]|\T1/cmss/m/n/8 52.66| 
 []


Overfull \hbox (7.97546pt too wide) in paragraph at lines 400--400
[]|\T1/cmss/m/n/8 52.66| 
 []


Overfull \hbox (7.97546pt too wide) in paragraph at lines 400--400
[]|\T1/cmss/m/n/8 52.66| 
 []


Overfull \hbox (7.97546pt too wide) in paragraph at lines 400--400
[]|\T1/cmss/m/n/8 52.66| 
 []


Overfull \hbox (7.97546pt too wide) in paragraph at lines 400--400
[]|\T1/cmss/m/n/8 52.66| 
 []


Overfull \hbox (7.97546pt too wide) in paragraph at lines 400--400
[]|\T1/cmss/m/n/8 52.66| 
 []


Overfull \hbox (7.84895pt too wide) in paragraph at lines 400--400
[]|[]\T1/cmss/bx/n/8 76.86[]| 
 []


Overfull \hbox (7.97546pt too wide) in paragraph at lines 400--400
[]|\T1/cmss/m/n/8 75.27| 
 []


Overfull \hbox (7.97546pt too wide) in paragraph at lines 400--400
[]|\T1/cmss/m/n/8 73.27| 
 []


Overfull \hbox (7.97546pt too wide) in paragraph at lines 400--400
[]|\T1/cmss/m/n/8 71.94| 
 []


Overfull \hbox (7.97546pt too wide) in paragraph at lines 400--400
[]|\T1/cmss/m/n/8 65.82| 
 []


Overfull \hbox (7.97546pt too wide) in paragraph at lines 400--400
[]|\T1/cmss/m/n/8 69.08| 
 []


Overfull \hbox (7.97546pt too wide) in paragraph at lines 400--400
[]|\T1/cmss/m/n/8 69.08| 
 []


Overfull \hbox (7.97546pt too wide) in paragraph at lines 400--400
[]|\T1/cmss/m/n/8 69.08| 
 []


Overfull \hbox (7.97546pt too wide) in paragraph at lines 400--400
[]|\T1/cmss/m/n/8 71.60| 
 []


Overfull \hbox (7.97546pt too wide) in paragraph at lines 400--400
[]|\T1/cmss/m/n/8 72.27| 
 []


Overfull \hbox (7.97546pt too wide) in paragraph at lines 400--400
[]|\T1/cmss/m/n/8 72.10| 
 []


Overfull \hbox (7.84895pt too wide) in paragraph at lines 400--400
[]|[]\T1/cmss/bx/n/8 73.95[]| 
 []


Overfull \hbox (7.97546pt too wide) in paragraph at lines 400--400
[]|\T1/cmss/m/n/8 73.45| 
 []


Overfull \hbox (7.97546pt too wide) in paragraph at lines 400--400
[]|\T1/cmss/m/n/8 73.61| 
 []


Overfull \hbox (7.97546pt too wide) in paragraph at lines 400--400
[]|\T1/cmss/m/n/8 70.92| 
 []


Overfull \hbox (7.97546pt too wide) in paragraph at lines 400--400
[]|\T1/cmss/m/n/8 68.57| 
 []


Overfull \hbox (7.97546pt too wide) in paragraph at lines 400--400
[]|\T1/cmss/m/n/8 64.71| 
 []

File: imagenes/sinc.eps Graphic file (type eps)
<imagenes/sinc.eps> [33

]
Overfull \hbox (2.71889pt too wide) in paragraph at lines 427--427
[]|$  $\T1/cmss/m/sl/8 42| 
 []


Overfull \hbox (2.71889pt too wide) in paragraph at lines 427--427
[]|$  $\T1/cmss/m/sl/8 32| 
 []


Overfull \hbox (2.71889pt too wide) in paragraph at lines 427--427
[]|$  $\T1/cmss/m/sl/8 26| 
 []


Overfull \hbox (2.71889pt too wide) in paragraph at lines 427--427
[]|$  $\T1/cmss/m/sl/8 21| 
 []


Overfull \hbox (2.71889pt too wide) in paragraph at lines 427--427
[]|$  $\T1/cmss/m/sl/8 16| 
 []


Overfull \hbox (2.71889pt too wide) in paragraph at lines 427--427
[]|$  $\T1/cmss/m/sl/8 14| 
 []


Overfull \hbox (2.71889pt too wide) in paragraph at lines 427--427
[]|$  $\T1/cmss/m/sl/8 12| 
 []


Overfull \hbox (2.71889pt too wide) in paragraph at lines 427--427
[]|$  $\T1/cmss/m/sl/8 10| 
 []


Overfull \hbox (7.97546pt too wide) in paragraph at lines 427--427
[]|\T1/cmss/m/n/8 77.78| 
 []


Overfull \hbox (7.97546pt too wide) in paragraph at lines 427--427
[]|\T1/cmss/m/n/8 81.94| 
 []


Overfull \hbox (7.97546pt too wide) in paragraph at lines 427--427
[]|\T1/cmss/m/n/8 77.78| 
 []


Overfull \hbox (7.97546pt too wide) in paragraph at lines 427--427
[]|\T1/cmss/m/n/8 81.94| 
 []


Overfull \hbox (7.97546pt too wide) in paragraph at lines 427--427
[]|\T1/cmss/m/n/8 86.11| 
 []


Overfull \hbox (7.97546pt too wide) in paragraph at lines 427--427
[]|\T1/cmss/m/n/8 86.11| 
 []


Overfull \hbox (7.84895pt too wide) in paragraph at lines 427--427
[]|[]\T1/cmss/bx/n/8 90.28[]| 
 []


Overfull \hbox (7.97546pt too wide) in paragraph at lines 427--427
[]|\T1/cmss/m/n/8 73.61| 
 []


Overfull \hbox (7.97546pt too wide) in paragraph at lines 427--427
[]|\T1/cmss/m/n/8 75.00| 
 []


Overfull \hbox (7.97546pt too wide) in paragraph at lines 427--427
[]|\T1/cmss/m/n/8 75.00| 
 []


Overfull \hbox (7.97546pt too wide) in paragraph at lines 427--427
[]|\T1/cmss/m/n/8 75.00| 
 []


Overfull \hbox (7.97546pt too wide) in paragraph at lines 427--427
[]|\T1/cmss/m/n/8 66.67| 
 []


Overfull \hbox (7.84895pt too wide) in paragraph at lines 427--427
[]|[]\T1/cmss/bx/n/8 89.77[]| 
 []


Overfull \hbox (7.97546pt too wide) in paragraph at lines 427--427
[]|\T1/cmss/m/n/8 89.02| 
 []


Overfull \hbox (7.97546pt too wide) in paragraph at lines 427--427
[]|\T1/cmss/m/n/8 87.50| 
 []


Overfull \hbox (7.97546pt too wide) in paragraph at lines 427--427
[]|\T1/cmss/m/n/8 85.61| 
 []


Overfull \hbox (7.97546pt too wide) in paragraph at lines 427--427
[]|\T1/cmss/m/n/8 83.33| 
 []


Overfull \hbox (7.97546pt too wide) in paragraph at lines 427--427
[]|\T1/cmss/m/n/8 82.95| 
 []


Overfull \hbox (7.97546pt too wide) in paragraph at lines 427--427
[]|\T1/cmss/m/n/8 84.47| 
 []


Overfull \hbox (7.97546pt too wide) in paragraph at lines 427--427
[]|\T1/cmss/m/n/8 86.36| 
 []


Overfull \hbox (7.97546pt too wide) in paragraph at lines 427--427
[]|\T1/cmss/m/n/8 85.23| 
 []


Overfull \hbox (7.97546pt too wide) in paragraph at lines 427--427
[]|\T1/cmss/m/n/8 81.82| 
 []


Overfull \hbox (7.97546pt too wide) in paragraph at lines 427--427
[]|\T1/cmss/m/n/8 76.14| 
 []


Overfull \hbox (7.97546pt too wide) in paragraph at lines 427--427
[]|\T1/cmss/m/n/8 74.62| 
 []


Overfull \hbox (3.13173pt too wide) in paragraph at lines 427--427
[]|\T1/cmss/m/n/8 DESEMBOCA| 
 []


Overfull \hbox (7.97546pt too wide) in paragraph at lines 427--427
[]|\T1/cmss/m/n/8 84.93| 
 []


Overfull \hbox (7.84895pt too wide) in paragraph at lines 427--427
[]|[]\T1/cmss/bx/n/8 85.65[]| 
 []


Overfull \hbox (7.97546pt too wide) in paragraph at lines 427--427
[]|\T1/cmss/m/n/8 85.41| 
 []


Overfull \hbox (7.97546pt too wide) in paragraph at lines 427--427
[]|\T1/cmss/m/n/8 82.78| 
 []


Overfull \hbox (7.97546pt too wide) in paragraph at lines 427--427
[]|\T1/cmss/m/n/8 84.21| 
 []


Overfull \hbox (7.97546pt too wide) in paragraph at lines 427--427
[]|\T1/cmss/m/n/8 82.78| 
 []


Overfull \hbox (7.97546pt too wide) in paragraph at lines 427--427
[]|\T1/cmss/m/n/8 83.49| 
 []


Overfull \hbox (7.97546pt too wide) in paragraph at lines 427--427
[]|\T1/cmss/m/n/8 81.34| 
 []


Overfull \hbox (7.97546pt too wide) in paragraph at lines 427--427
[]|\T1/cmss/m/n/8 81.82| 
 []


Overfull \hbox (7.97546pt too wide) in paragraph at lines 427--427
[]|\T1/cmss/m/n/8 71.05| 
 []


Overfull \hbox (7.97546pt too wide) in paragraph at lines 427--427
[]|\T1/cmss/m/n/8 65.79| 
 []


Overfull \hbox (7.97546pt too wide) in paragraph at lines 427--427
[]|\T1/cmss/m/n/8 61.24| 
 []


Overfull \hbox (9.13026pt too wide) in paragraph at lines 427--427
[]|\T1/cmss/m/n/8 DESEMBOCAN| 
 []


Overfull \hbox (7.97546pt too wide) in paragraph at lines 427--427
[]|\T1/cmss/m/n/8 80.83| 
 []


Overfull \hbox (7.97546pt too wide) in paragraph at lines 427--427
[]|\T1/cmss/m/n/8 80.05| 
 []


Overfull \hbox (7.84895pt too wide) in paragraph at lines 427--427
[]|[]\T1/cmss/bx/n/8 81.87[]| 
 []


Overfull \hbox (7.97546pt too wide) in paragraph at lines 427--427
[]|\T1/cmss/m/n/8 79.53| 
 []


Overfull \hbox (7.97546pt too wide) in paragraph at lines 427--427
[]|\T1/cmss/m/n/8 79.02| 
 []


Overfull \hbox (7.97546pt too wide) in paragraph at lines 427--427
[]|\T1/cmss/m/n/8 78.50| 
 []


Overfull \hbox (7.97546pt too wide) in paragraph at lines 427--427
[]|\T1/cmss/m/n/8 77.72| 
 []


Overfull \hbox (7.97546pt too wide) in paragraph at lines 427--427
[]|\T1/cmss/m/n/8 75.13| 
 []


Overfull \hbox (7.97546pt too wide) in paragraph at lines 427--427
[]|\T1/cmss/m/n/8 78.24| 
 []


Overfull \hbox (7.97546pt too wide) in paragraph at lines 427--427
[]|\T1/cmss/m/n/8 69.95| 
 []


Overfull \hbox (7.97546pt too wide) in paragraph at lines 427--427
[]|\T1/cmss/m/n/8 62.69| 
 []


Overfull \hbox (7.97546pt too wide) in paragraph at lines 427--427
[]|\T1/cmss/m/n/8 58.55| 
 []


Overfull \hbox (7.97546pt too wide) in paragraph at lines 427--427
[]|\T1/cmss/m/n/8 88.31| 
 []


Overfull \hbox (7.97546pt too wide) in paragraph at lines 427--427
[]|\T1/cmss/m/n/8 88.31| 
 []


Overfull \hbox (7.84895pt too wide) in paragraph at lines 427--427
[]|[]\T1/cmss/bx/n/8 89.18[]| 
 []


Overfull \hbox (7.97546pt too wide) in paragraph at lines 427--427
[]|\T1/cmss/m/n/8 85.71| 
 []


Overfull \hbox (7.97546pt too wide) in paragraph at lines 427--427
[]|\T1/cmss/m/n/8 87.01| 
 []


Overfull \hbox (7.97546pt too wide) in paragraph at lines 427--427
[]|\T1/cmss/m/n/8 86.58| 
 []


Overfull \hbox (7.97546pt too wide) in paragraph at lines 427--427
[]|\T1/cmss/m/n/8 85.28| 
 []


Overfull \hbox (7.97546pt too wide) in paragraph at lines 427--427
[]|\T1/cmss/m/n/8 86.15| 
 []


Overfull \hbox (7.97546pt too wide) in paragraph at lines 427--427
[]|\T1/cmss/m/n/8 84.85| 
 []


Overfull \hbox (7.97546pt too wide) in paragraph at lines 427--427
[]|\T1/cmss/m/n/8 83.12| 
 []


Overfull \hbox (7.97546pt too wide) in paragraph at lines 427--427
[]|\T1/cmss/m/n/8 75.32| 
 []


Overfull \hbox (7.97546pt too wide) in paragraph at lines 427--427
[]|\T1/cmss/m/n/8 73.16| 
 []


Overfull \hbox (7.97546pt too wide) in paragraph at lines 427--427
[]|\T1/cmss/m/n/8 86.39| 
 []


Overfull \hbox (7.84895pt too wide) in paragraph at lines 427--427
[]|[]\T1/cmss/bx/n/8 87.07[]| 
 []


Overfull \hbox (7.97546pt too wide) in paragraph at lines 427--427
[]|\T1/cmss/m/n/8 85.71| 
 []


Overfull \hbox (7.97546pt too wide) in paragraph at lines 427--427
[]|\T1/cmss/m/n/8 86.39| 
 []


Overfull \hbox (7.97546pt too wide) in paragraph at lines 427--427
[]|\T1/cmss/m/n/8 86.39| 
 []


Overfull \hbox (7.97546pt too wide) in paragraph at lines 427--427
[]|\T1/cmss/m/n/8 85.71| 
 []


Overfull \hbox (7.97546pt too wide) in paragraph at lines 427--427
[]|\T1/cmss/m/n/8 85.71| 
 []


Overfull \hbox (7.97546pt too wide) in paragraph at lines 427--427
[]|\T1/cmss/m/n/8 85.03| 
 []


Overfull \hbox (7.97546pt too wide) in paragraph at lines 427--427
[]|\T1/cmss/m/n/8 82.99| 
 []


Overfull \hbox (7.97546pt too wide) in paragraph at lines 427--427
[]|\T1/cmss/m/n/8 84.35| 
 []


Overfull \hbox (7.97546pt too wide) in paragraph at lines 427--427
[]|\T1/cmss/m/n/8 82.31| 
 []


Overfull \hbox (7.97546pt too wide) in paragraph at lines 427--427
[]|\T1/cmss/m/n/8 73.47| 
 []


Overfull \hbox (7.84895pt too wide) in paragraph at lines 427--427
[]|[]\T1/cmss/bx/n/8 88.32[]| 
 []


Overfull \hbox (7.84895pt too wide) in paragraph at lines 427--427
[]|\T1/cmss/bx/n/8 88.32| 
 []


Overfull \hbox (7.97546pt too wide) in paragraph at lines 427--427
[]|\T1/cmss/m/n/8 88.22| 
 []


Overfull \hbox (7.97546pt too wide) in paragraph at lines 427--427
[]|\T1/cmss/m/n/8 87.34| 
 []


Overfull \hbox (7.97546pt too wide) in paragraph at lines 427--427
[]|\T1/cmss/m/n/8 85.87| 
 []


Overfull \hbox (7.97546pt too wide) in paragraph at lines 427--427
[]|\T1/cmss/m/n/8 86.46| 
 []


Overfull \hbox (7.97546pt too wide) in paragraph at lines 427--427
[]|\T1/cmss/m/n/8 83.91| 
 []


Overfull \hbox (7.97546pt too wide) in paragraph at lines 427--427
[]|\T1/cmss/m/n/8 80.77| 
 []


Overfull \hbox (7.97546pt too wide) in paragraph at lines 427--427
[]|\T1/cmss/m/n/8 79.39| 
 []


Overfull \hbox (7.97546pt too wide) in paragraph at lines 427--427
[]|\T1/cmss/m/n/8 73.80| 
 []


Overfull \hbox (7.97546pt too wide) in paragraph at lines 427--427
[]|\T1/cmss/m/n/8 72.42| 
 []


Overfull \hbox (7.97546pt too wide) in paragraph at lines 427--427
[]|\T1/cmss/m/n/8 71.64| 
 []


Overfull \hbox (7.84895pt too wide) in paragraph at lines 427--427
[]|[]\T1/cmss/bx/n/8 89.39[]| 
 []


Overfull \hbox (7.97546pt too wide) in paragraph at lines 427--427
[]|\T1/cmss/m/n/8 86.36| 
 []


Overfull \hbox (7.97546pt too wide) in paragraph at lines 427--427
[]|\T1/cmss/m/n/8 84.85| 
 []


Overfull \hbox (7.97546pt too wide) in paragraph at lines 427--427
[]|\T1/cmss/m/n/8 86.36| 
 []


Overfull \hbox (7.97546pt too wide) in paragraph at lines 427--427
[]|\T1/cmss/m/n/8 80.30| 
 []


Overfull \hbox (7.97546pt too wide) in paragraph at lines 427--427
[]|\T1/cmss/m/n/8 78.79| 
 []


Overfull \hbox (7.97546pt too wide) in paragraph at lines 427--427
[]|\T1/cmss/m/n/8 83.33| 
 []


Overfull \hbox (7.97546pt too wide) in paragraph at lines 427--427
[]|\T1/cmss/m/n/8 84.85| 
 []


Overfull \hbox (7.97546pt too wide) in paragraph at lines 427--427
[]|\T1/cmss/m/n/8 81.82| 
 []


Overfull \hbox (7.97546pt too wide) in paragraph at lines 427--427
[]|\T1/cmss/m/n/8 81.82| 
 []


Overfull \hbox (7.97546pt too wide) in paragraph at lines 427--427
[]|\T1/cmss/m/n/8 81.82| 
 []


Overfull \hbox (7.97546pt too wide) in paragraph at lines 427--427
[]|\T1/cmss/m/n/8 75.76| 
 []


Overfull \hbox (7.97546pt too wide) in paragraph at lines 427--427
[]|\T1/cmss/m/n/8 84.28| 
 []


Overfull \hbox (7.97546pt too wide) in paragraph at lines 427--427
[]|\T1/cmss/m/n/8 83.90| 
 []


Overfull \hbox (7.84895pt too wide) in paragraph at lines 427--427
[]|[]\T1/cmss/bx/n/8 84.47[]| 
 []


Overfull \hbox (7.97546pt too wide) in paragraph at lines 427--427
[]|\T1/cmss/m/n/8 83.14| 
 []


Overfull \hbox (7.97546pt too wide) in paragraph at lines 427--427
[]|\T1/cmss/m/n/8 81.82| 
 []


Overfull \hbox (7.97546pt too wide) in paragraph at lines 427--427
[]|\T1/cmss/m/n/8 79.73| 
 []


Overfull \hbox (7.97546pt too wide) in paragraph at lines 427--427
[]|\T1/cmss/m/n/8 79.17| 
 []


Overfull \hbox (7.97546pt too wide) in paragraph at lines 427--427
[]|\T1/cmss/m/n/8 77.46| 
 []


Overfull \hbox (7.97546pt too wide) in paragraph at lines 427--427
[]|\T1/cmss/m/n/8 74.43| 
 []


Overfull \hbox (7.97546pt too wide) in paragraph at lines 427--427
[]|\T1/cmss/m/n/8 74.05| 
 []


Overfull \hbox (7.97546pt too wide) in paragraph at lines 427--427
[]|\T1/cmss/m/n/8 69.89| 
 []


Overfull \hbox (7.97546pt too wide) in paragraph at lines 427--427
[]|\T1/cmss/m/n/8 69.32| 
 []


Overfull \hbox (7.97546pt too wide) in paragraph at lines 427--427
[]|\T1/cmss/m/n/8 74.61| 
 []


Overfull \hbox (7.84895pt too wide) in paragraph at lines 427--427
[]|[]\T1/cmss/bx/n/8 76.42[]| 
 []


Overfull \hbox (7.97546pt too wide) in paragraph at lines 427--427
[]|\T1/cmss/m/n/8 74.35| 
 []


Overfull \hbox (7.97546pt too wide) in paragraph at lines 427--427
[]|\T1/cmss/m/n/8 75.13| 
 []


Overfull \hbox (7.97546pt too wide) in paragraph at lines 427--427
[]|\T1/cmss/m/n/8 72.80| 
 []


Overfull \hbox (7.97546pt too wide) in paragraph at lines 427--427
[]|\T1/cmss/m/n/8 74.09| 
 []


Overfull \hbox (7.97546pt too wide) in paragraph at lines 427--427
[]|\T1/cmss/m/n/8 75.13| 
 []


Overfull \hbox (7.97546pt too wide) in paragraph at lines 427--427
[]|\T1/cmss/m/n/8 74.61| 
 []


Overfull \hbox (7.97546pt too wide) in paragraph at lines 427--427
[]|\T1/cmss/m/n/8 72.54| 
 []


Overfull \hbox (7.97546pt too wide) in paragraph at lines 427--427
[]|\T1/cmss/m/n/8 68.13| 
 []


Overfull \hbox (7.97546pt too wide) in paragraph at lines 427--427
[]|\T1/cmss/m/n/8 69.43| 
 []


Overfull \hbox (7.97546pt too wide) in paragraph at lines 427--427
[]|\T1/cmss/m/n/8 65.54| 
 []


Overfull \hbox (7.84895pt too wide) in paragraph at lines 427--427
[]|[]\T1/cmss/bx/n/8 78.19[]| 
 []


Overfull \hbox (7.97546pt too wide) in paragraph at lines 427--427
[]|\T1/cmss/m/n/8 77.79| 
 []


Overfull \hbox (7.97546pt too wide) in paragraph at lines 427--427
[]|\T1/cmss/m/n/8 75.93| 
 []


Overfull \hbox (7.97546pt too wide) in paragraph at lines 427--427
[]|\T1/cmss/m/n/8 76.46| 
 []


Overfull \hbox (7.97546pt too wide) in paragraph at lines 427--427
[]|\T1/cmss/m/n/8 73.01| 
 []


Overfull \hbox (7.97546pt too wide) in paragraph at lines 427--427
[]|\T1/cmss/m/n/8 73.54| 
 []


Overfull \hbox (7.97546pt too wide) in paragraph at lines 427--427
[]|\T1/cmss/m/n/8 73.40| 
 []


Overfull \hbox (7.97546pt too wide) in paragraph at lines 427--427
[]|\T1/cmss/m/n/8 71.68| 
 []


Overfull \hbox (7.97546pt too wide) in paragraph at lines 427--427
[]|\T1/cmss/m/n/8 69.81| 
 []


Overfull \hbox (7.97546pt too wide) in paragraph at lines 427--427
[]|\T1/cmss/m/n/8 68.35| 
 []


Overfull \hbox (7.97546pt too wide) in paragraph at lines 427--427
[]|\T1/cmss/m/n/8 66.22| 
 []


Overfull \hbox (7.97546pt too wide) in paragraph at lines 427--427
[]|\T1/cmss/m/n/8 63.16| 
 []


Overfull \hbox (7.84895pt too wide) in paragraph at lines 427--427
[]|[]\T1/cmss/bx/n/8 75.97[]| 
 []


Overfull \hbox (7.97546pt too wide) in paragraph at lines 427--427
[]|\T1/cmss/m/n/8 74.62| 
 []


Overfull \hbox (7.97546pt too wide) in paragraph at lines 427--427
[]|\T1/cmss/m/n/8 72.61| 
 []


Overfull \hbox (7.97546pt too wide) in paragraph at lines 427--427
[]|\T1/cmss/m/n/8 72.94| 
 []


Overfull \hbox (7.97546pt too wide) in paragraph at lines 427--427
[]|\T1/cmss/m/n/8 72.61| 
 []


Overfull \hbox (7.97546pt too wide) in paragraph at lines 427--427
[]|\T1/cmss/m/n/8 70.42| 
 []


Overfull \hbox (7.97546pt too wide) in paragraph at lines 427--427
[]|\T1/cmss/m/n/8 71.26| 
 []


Overfull \hbox (7.97546pt too wide) in paragraph at lines 427--427
[]|\T1/cmss/m/n/8 66.22| 
 []


Overfull \hbox (7.97546pt too wide) in paragraph at lines 427--427
[]|\T1/cmss/m/n/8 67.56| 
 []


Overfull \hbox (7.97546pt too wide) in paragraph at lines 427--427
[]|\T1/cmss/m/n/8 64.37| 
 []


Overfull \hbox (7.97546pt too wide) in paragraph at lines 427--427
[]|\T1/cmss/m/n/8 63.53| 
 []


Overfull \hbox (7.97546pt too wide) in paragraph at lines 427--427
[]|\T1/cmss/m/n/8 64.20| 
 []

File: imagenes/sinc.eps Graphic file (type eps)
<imagenes/sinc.eps> [34

]
File: imagenes/sinc.eps Graphic file (type eps)
 <imagenes/sinc.eps> [35

]
File: imagenes/sinc.eps Graphic file (type eps)
 <imagenes/sinc.eps> [36

]
File: imagenes/sinc.eps Graphic file (type eps)

<imagenes/sinc.eps> [37

]
File: imagenes/sinc.eps Graphic file (type eps)
 <imagenes/sinc.eps> [38

]
File: imagenes/sinc.eps Graphic file (type eps)
 <imagenes/sinc.eps> [39

]
(./slide.toc
LaTeX Info: Redefining \. on input line 2.
LaTeX Info: Redefining \% on input line 2.
)
File: imagenes/sinc.eps Graphic file (type eps)
 <imagenes/sinc.eps> [40

]
File: imagenes/sinc.eps Graphic file (type eps)
 <imagenes/sinc.eps> [41

]
File: imagenes/sinc.eps Graphic file (type eps)

<imagenes/sinc.eps> [42

]
File: imagenes/sinc.eps Graphic file (type eps)
 <imagenes/sinc.eps> [43

]
File: imagenes/sinc.eps Graphic file (type eps)
 <imagenes/sinc.eps> [44

]
LaTeX Font Info:    Font shape `T1/cmss/m/it' in size <10> not available
(Font)              Font shape `T1/cmss/m/sl' tried instead on input line 553.
File: imagenes/sinc.eps Graphic file (type eps)

<imagenes/sinc.eps> [45

]
File: imagenes/sinc.eps Graphic file (type eps)
 <imagenes/sinc.eps> [46

]
\tf@nav=\write6
\openout6 = `slide.nav'.

\tf@toc=\write7
\openout7 = `slide.toc'.

\tf@snm=\write8
\openout8 = `slide.snm'.

Package atveryend Info: Empty hook `BeforeClearDocument' on input line 594.
Package atveryend Info: Empty hook `AfterLastShipout' on input line 594.
 (./slide.aux
LaTeX Info: Redefining \. on input line 24.
LaTeX Info: Redefining \% on input line 24.
)
Package atveryend Info: Empty hook `AtVeryEndDocument' on input line 594.
Package atveryend Info: Executing hook `AtEndAfterFileList' on input line 594.
Package rerunfilecheck Info: File `slide.out' has not changed.
(rerunfilecheck)             Checksum: F4593CBD47CA44F33F04E5F1BA5BB40A;211.
Package atveryend Info: Empty hook `AtVeryVeryEnd' on input line 594.
 ) 
Here is how much of TeX's memory you used:
 16935 strings out of 494998
 313046 string characters out of 3180115
 479933 words of memory out of 3000000
 19680 multiletter control sequences out of 15000+200000
 28105 words of font info for 68 fonts, out of 3000000 for 9000
 40 hyphenation exceptions out of 8191
 49i,20n,66p,420b,832s stack positions out of 5000i,500n,10000p,200000b,50000s

Output written on slide.dvi (46 pages, 1499832 bytes).
